[ 2013-10-31T11:19:34+08:00 ] #QueueCommon::Get# [notice] new message: Array
(
    [pos] => 3
    [data] => {"module":"Customer","action":"CREATE","data":{"idclick_uid":503}}
)

[ 2013-10-31T11:19:44+08:00 ] #QueueCommon::Get# [error] try to handle message failed. position: #3
[ 2013-10-31T11:19:44+08:00 ] #QueueCommon::Get# [notice] new message: Array
(
    [pos] => 4
    [data] => {"module":"Customer","action":"CREATE","data":{"idclick_uid":503}}
)

[ 2013-10-31T11:28:23+08:00 ] #QueueCommon::Get# [notice] new message: Array
(
    [pos] => 5
    [data] => {"module":"Campaign","action":"UPDATE","data":{"idclick_planid":"128","idclick_uid":"1023","campaign_name":"\u4e91\u6735\u624b\u673a\u5957\u9910","areas":"2156","languages":"1000,1001,1002,1003,1004,1005,1009","bidding_type":"BUDGET_OPTIMIZER","budget_amount":"75","max_cpc":"3","last_action":"UPDATE"}}
)

[ 2013-10-31T11:28:23+08:00 ] #QueueCommon::Get# [error] ToAdwords\Exception\MessageException 发送消息失败，消息内容：[消息] 模块：Campaign | 动作：UPDATE | 消息内容：Array
(
    [idclick_planid] => 128
    [idclick_uid] => 1023
    [campaign_name] => 云朵手机套餐
    [areas] => 2156
    [languages] => 1000,1001,1002,1003,1004,1005,1009
    [bidding_type] => BUDGET_OPTIMIZER
    [budget_amount] => 75
    [max_cpc] => 3
    [last_action] => UPDATE
)
 || 已进入重试队列
[ 2013-10-31T11:28:23+08:00 ] #QueueCommon::Get# [notice] new message: Array
(
    [pos] => 6
    [data] => {"module":"Campaign","action":"UPDATE","data":{"idclick_planid":"128","idclick_uid":"1023","campaign_name":"\u4e91\u6735\u624b\u673a\u5957\u9910","areas":"2156","languages":"1000","bidding_type":"BUDGET_OPTIMIZER","budget_amount":"75","max_cpc":"3","last_action":"UPDATE"}}
)

[ 2013-10-31T11:28:23+08:00 ] #QueueCommon::Get# [error] ToAdwords\Exception\MessageException 发送消息失败，消息内容：[消息] 模块：Campaign | 动作：UPDATE | 消息内容：Array
(
    [idclick_planid] => 128
    [idclick_uid] => 1023
    [campaign_name] => 云朵手机套餐
    [areas] => 2156
    [languages] => 1000
    [bidding_type] => BUDGET_OPTIMIZER
    [budget_amount] => 75
    [max_cpc] => 3
    [last_action] => UPDATE
)
 || 已进入重试队列
[ 2013-10-31T11:28:23+08:00 ] #QueueCommon::Get# [notice] new message: Array
(
    [pos] => 7
    [data] => {"module":"Campaign","action":"UPDATE","data":{"idclick_planid":"128","idclick_uid":"1023","campaign_name":"\u4e91\u6735\u624b\u673a\u5957\u9910","areas":"2156","languages":"1000","bidding_type":"MANUAL_CPC","budget_amount":"75","max_cpc":"0","last_action":"UPDATE"}}
)

[ 2013-10-31T11:28:23+08:00 ] #QueueCommon::Get# [error] ToAdwords\Exception\MessageException 发送消息失败，消息内容：[消息] 模块：Campaign | 动作：UPDATE | 消息内容：Array
(
    [idclick_planid] => 128
    [idclick_uid] => 1023
    [campaign_name] => 云朵手机套餐
    [areas] => 2156
    [languages] => 1000
    [bidding_type] => MANUAL_CPC
    [budget_amount] => 75
    [max_cpc] => 0
    [last_action] => UPDATE
)
 || 已进入重试队列
[ 2013-10-31T11:28:23+08:00 ] #QueueCommon::Get# [notice] new message: Array
(
    [pos] => 8
    [data] => {"module":"Campaign","action":"UPDATE","data":{"idclick_planid":"128","idclick_uid":"1023","campaign_name":"\u4e91\u6735\u624b\u673a\u5957\u9910","areas":"2156","languages":"1000","bidding_type":"BUDGET_OPTIMIZER","budget_amount":"75","max_cpc":"0","last_action":"UPDATE"}}
)

[ 2013-10-31T11:28:23+08:00 ] #QueueCommon::Get# [error] ToAdwords\Exception\MessageException 发送消息失败，消息内容：[消息] 模块：Campaign | 动作：UPDATE | 消息内容：Array
(
    [idclick_planid] => 128
    [idclick_uid] => 1023
    [campaign_name] => 云朵手机套餐
    [areas] => 2156
    [languages] => 1000
    [bidding_type] => BUDGET_OPTIMIZER
    [budget_amount] => 75
    [max_cpc] => 0
    [last_action] => UPDATE
)
 || 已进入重试队列
[ 2013-10-31T11:28:23+08:00 ] #QueueCommon::Get# [notice] new message: Array
(
    [pos] => 9
    [data] => {"module":"Campaign","action":"UPDATE","data":{"idclick_planid":"128","idclick_uid":"1023","campaign_name":"\u4e91\u6735\u624b\u673a\u5957\u9910","areas":"2156","languages":"1000","bidding_type":"BUDGET_OPTIMIZER","budget_amount":"75","max_cpc":"10","last_action":"UPDATE"}}
)

[ 2013-10-31T11:28:23+08:00 ] #QueueCommon::Get# [error] ToAdwords\Exception\MessageException 发送消息失败，消息内容：[消息] 模块：Campaign | 动作：UPDATE | 消息内容：Array
(
    [idclick_planid] => 128
    [idclick_uid] => 1023
    [campaign_name] => 云朵手机套餐
    [areas] => 2156
    [languages] => 1000
    [bidding_type] => BUDGET_OPTIMIZER
    [budget_amount] => 75
    [max_cpc] => 10
    [last_action] => UPDATE
)
 || 已进入重试队列
[ 2013-10-31T11:28:23+08:00 ] #QueueCommon::Get# [notice] new message: Array
(
    [pos] => 10
    [data] => {"module":"Campaign","action":"UPDATE","data":{"idclick_planid":"128","idclick_uid":"1023","campaign_name":"\u4e91\u6735\u624b\u673a\u5957\u9910","areas":"2156","languages":"1000","bidding_type":"BUDGET_OPTIMIZER","budget_amount":"66","max_cpc":"10","last_action":"UPDATE"}}
)

[ 2013-10-31T11:28:23+08:00 ] #QueueCommon::Get# [error] ToAdwords\Exception\MessageException 发送消息失败，消息内容：[消息] 模块：Campaign | 动作：UPDATE | 消息内容：Array
(
    [idclick_planid] => 128
    [idclick_uid] => 1023
    [campaign_name] => 云朵手机套餐
    [areas] => 2156
    [languages] => 1000
    [bidding_type] => BUDGET_OPTIMIZER
    [budget_amount] => 66
    [max_cpc] => 10
    [last_action] => UPDATE
)
 || 已进入重试队列
[ 2013-10-31T11:28:23+08:00 ] #QueueCommon::Get# [notice] new message: Array
(
    [pos] => 11
    [data] => {"module":"Campaign","action":"UPDATE","data":{"idclick_planid":"128","idclick_uid":"1023","campaign_name":"\u4e91\u6735\u624b\u673a\u5957\u9910","areas":"2156","languages":"1000,1017,1018","bidding_type":"BUDGET_OPTIMIZER","budget_amount":"66","max_cpc":"10","last_action":"UPDATE"}}
)

[ 2013-10-31T11:28:23+08:00 ] #QueueCommon::Get# [error] ToAdwords\Exception\MessageException 发送消息失败，消息内容：[消息] 模块：Campaign | 动作：UPDATE | 消息内容：Array
(
    [idclick_planid] => 128
    [idclick_uid] => 1023
    [campaign_name] => 云朵手机套餐
    [areas] => 2156
    [languages] => 1000,1017,1018
    [bidding_type] => BUDGET_OPTIMIZER
    [budget_amount] => 66
    [max_cpc] => 10
    [last_action] => UPDATE
)
 || 已进入重试队列
[ 2013-10-31T11:28:23+08:00 ] #QueueCommon::Get# [notice] got nothing, current status:
HTTP Simple Queue Service v1.7
------------------------------
Queue Name: common
Maximum number of queues: 1000000
Put position of queue (1st lap): 11
Get position of queue (1st lap): 11
Number of unread queue: 0

[ 2013-10-31T11:39:20+08:00 ] #QueueCommon::Get# [notice] new message: Array
(
    [pos] => 12
    [data] => {"module":"Campaign","action":"CREATE","data":{"idclick_planid":61628,"idclick_uid":503,"campaign_name":"campaign_name #5271d073111c9","areas":"10031,10032","languages":"10031,10032","bidding_type":"BUDGET_OPTIMIZER","budget_amount":20000,"delivery_method":"ACCELERATED","max_cpc":10,"campaign_status":"ACTIVE","customer_id":"9537363155","last_action":"CREATE"}}
)

[ 2013-10-31T11:39:20+08:00 ] #QueueCommon::Get# [error] ToAdwords\Exception\MessageException 发送消息失败，消息内容：[消息] 模块：Campaign | 动作：CREATE | 消息内容：Array
(
    [idclick_planid] => 61628
    [idclick_uid] => 503
    [campaign_name] => campaign_name #5271d073111c9
    [areas] => 10031,10032
    [languages] => 10031,10032
    [bidding_type] => BUDGET_OPTIMIZER
    [budget_amount] => 20000
    [delivery_method] => ACCELERATED
    [max_cpc] => 10
    [campaign_status] => ACTIVE
    [customer_id] => 9537363155
    [last_action] => CREATE
)
 || 已进入重试队列
[ 2013-10-31T11:39:20+08:00 ] #QueueCommon::Get# [notice] got nothing, current status:
HTTP Simple Queue Service v1.7
------------------------------
Queue Name: common
Maximum number of queues: 1000000
Put position of queue (1st lap): 12
Get position of queue (1st lap): 12
Number of unread queue: 0

