[ 2013-11-08T10:21:08+08:00 ] #QueueCommon::Get# [notice] new message: Array
(
    [pos] => 56
    [data] => {"module":"Campaign","action":"CREATE","data":{"idclick_planid":61634,"idclick_uid":503,"campaign_name":"campaign_name #527c4a8439e34","areas":"2156","languages":"1017,1018","bidding_type":"BUDGET_OPTIMIZER","budget_amount":20000,"delivery_method":"ACCELERATED","max_cpc":10,"campaign_status":"ACTIVE","last_action":"CREATE"}}
)

[ 2013-11-08T10:21:56+08:00 ] #QueueCommon::Get# [notice] got nothing, current status:
HTTP Simple Queue Service v1.7
------------------------------
Queue Name: common
Maximum number of queues: 1000000
Put position of queue (1st lap): 56
Get position of queue (1st lap): 56
Number of unread queue: 0

[ 2013-11-08T10:22:16+08:00 ] #QueueCommon::Get# [notice] new message: Array
(
    [pos] => 57
    [data] => {"module":"Campaign","action":"CREATE","data":{"idclick_planid":61634,"idclick_uid":503,"campaign_name":"campaign_name #527c4ad5882c0","areas":"2156","languages":"1017,1018","bidding_type":"BUDGET_OPTIMIZER","budget_amount":20000,"delivery_method":"ACCELERATED","max_cpc":10,"campaign_status":"ACTIVE","last_action":"CREATE"}}
)

[ 2013-11-08T10:22:35+08:00 ] #QueueCommon::Get# [error] try to handle message failed. position: #57
[ 2013-11-08T10:22:35+08:00 ] #QueueCommon::Get# [notice] got nothing, current status:
HTTP Simple Queue Service v1.7
------------------------------
Queue Name: common
Maximum number of queues: 1000000
Put position of queue (1st lap): 57
Get position of queue (1st lap): 57
Number of unread queue: 0

[ 2013-11-08T10:27:12+08:00 ] #QueueCommon::Get# [notice] new message: Array
(
    [pos] => 58
    [data] => {"module":"Campaign","action":"UPDATE","data":{"idclick_planid":61634,"idclick_uid":503,"budget_amount":1000,"max_cpc":23,"delivery_method":"STANDARD","bidding_type":"MANUAL_CPC","campaign_status":"ACTIVE","last_action":"UPDATE"}}
)

[ 2013-11-08T10:27:21+08:00 ] #QueueCommon::Get# [error] try to handle message failed. position: #58
[ 2013-11-08T10:27:21+08:00 ] #QueueCommon::Get# [notice] got nothing, current status:
HTTP Simple Queue Service v1.7
------------------------------
Queue Name: common
Maximum number of queues: 1000000
Put position of queue (1st lap): 58
Get position of queue (1st lap): 58
Number of unread queue: 0

[ 2013-11-08T10:28:29+08:00 ] #QueueCommon::Get# [notice] new message: Array
(
    [pos] => 59
    [data] => {"module":"Campaign","action":"UPDATE","data":{"idclick_planid":61634,"idclick_uid":503,"budget_amount":1000,"max_cpc":23,"delivery_method":"STANDARD","bidding_type":"MANUAL_CPC","languages":"1017","campaign_status":"ACTIVE","last_action":"UPDATE"}}
)

[ 2013-11-08T10:28:38+08:00 ] #QueueCommon::Get# [error] try to handle message failed. position: #59
[ 2013-11-08T10:28:38+08:00 ] #QueueCommon::Get# [notice] got nothing, current status:
HTTP Simple Queue Service v1.7
------------------------------
Queue Name: common
Maximum number of queues: 1000000
Put position of queue (1st lap): 59
Get position of queue (1st lap): 59
Number of unread queue: 0

[ 2013-11-08T10:30:14+08:00 ] #QueueCommon::Get# [notice] new message: Array
(
    [pos] => 60
    [data] => {"module":"Campaign","action":"UPDATE","data":{"idclick_planid":61634,"idclick_uid":503,"budget_amount":1000,"max_cpc":23,"delivery_method":"STANDARD","bidding_type":"MANUAL_CPC","languages":"1017","campaign_status":"ACTIVE","last_action":"UPDATE"}}
)

[ 2013-11-08T10:30:26+08:00 ] #QueueCommon::Get# [error] ToAdwords\Exception\MessageException 发送消息失败，消息内容：[消息] 模块：Campaign | 动作：UPDATE | 消息内容：Array
(
    [idclick_planid] => 61634
    [idclick_uid] => 503
    [budget_amount] => 1000
    [max_cpc] => 23
    [delivery_method] => STANDARD
    [bidding_type] => MANUAL_CPC
    [languages] => 1017
    [campaign_status] => ACTIVE
    [last_action] => UPDATE
)
 || 已进入重试队列
[ 2013-11-08T10:30:26+08:00 ] #QueueCommon::Get# [notice] got nothing, current status:
HTTP Simple Queue Service v1.7
------------------------------
Queue Name: common
Maximum number of queues: 1000000
Put position of queue (1st lap): 60
Get position of queue (1st lap): 60
Number of unread queue: 0

[ 2013-11-08T10:31:42+08:00 ] #QueueCommon::Get# [notice] new message: Array
(
    [pos] => 61
    [data] => {"module":"Campaign","action":"UPDATE","data":{"idclick_planid":61634,"idclick_uid":503,"budget_amount":1000,"max_cpc":23,"delivery_method":"STANDARD","bidding_type":"MANUAL_CPC","languages":"1017","campaign_status":"ACTIVE","last_action":"UPDATE"}}
)

[ 2013-11-08T10:31:57+08:00 ] #QueueCommon::Get# [error] try to handle message failed. position: #61
[ 2013-11-08T10:31:57+08:00 ] #QueueCommon::Get# [notice] got nothing, current status:
HTTP Simple Queue Service v1.7
------------------------------
Queue Name: common
Maximum number of queues: 1000000
Put position of queue (1st lap): 61
Get position of queue (1st lap): 61
Number of unread queue: 0

[ 2013-11-08T10:34:11+08:00 ] #QueueCommon::Get# [notice] new message: Array
(
    [pos] => 62
    [data] => {"module":"AdGroup","action":"CREATE","data":{"idclick_groupid":123460,"idclick_planid":61634,"adgroup_name":"group_name123460","keywords":"keywords1,keywords2","max_cpc":200,"adgroup_status":"ACTIVE","idclick_uid":503,"last_action":"CREATE"}}
)

[ 2013-11-08T10:34:27+08:00 ] #QueueCommon::Get# [error] try to handle message failed. position: #62
[ 2013-11-08T10:34:27+08:00 ] #QueueCommon::Get# [notice] got nothing, current status:
HTTP Simple Queue Service v1.7
------------------------------
Queue Name: common
Maximum number of queues: 1000000
Put position of queue (1st lap): 62
Get position of queue (1st lap): 62
Number of unread queue: 0

[ 2013-11-08T10:35:21+08:00 ] #QueueCommon::Get# [notice] new message: Array
(
    [pos] => 63
    [data] => {"module":"AdGroup","action":"UPDATE","data":{"idclick_groupid":123460,"idclick_planid":61634,"adgroup_name":"group_name2602","keywords":"keywords3,keywords2,keywords1","max_cpc":201,"idclick_uid":503,"last_action":"UPDATE"}}
)

[ 2013-11-08T10:37:17+08:00 ] #QueueCommon::Get# [notice] new message: Array
(
    [pos] => 64
    [data] => {"module":"AdGroup","action":"UPDATE","data":{"idclick_groupid":123460,"idclick_planid":61634,"adgroup_name":"group_name2602","keywords":"keywords3,keywords2,keywords1","max_cpc":201,"idclick_uid":503,"last_action":"UPDATE"}}
)

[ 2013-11-08T10:37:36+08:00 ] #QueueCommon::Get# [error] try to handle message failed. position: #64
[ 2013-11-08T10:37:36+08:00 ] #QueueCommon::Get# [notice] got nothing, current status:
HTTP Simple Queue Service v1.7
------------------------------
Queue Name: common
Maximum number of queues: 1000000
Put position of queue (1st lap): 64
Get position of queue (1st lap): 64
Number of unread queue: 0

[ 2013-11-08T10:46:53+08:00 ] #QueueCommon::Get# [notice] new message: Array
(
    [pos] => 65
    [data] => {"module":"AdGroupAd","action":"CREATE","data":{"idclick_adid":12348,"idclick_groupid":123460,"ad_headline":"headline","ad_description1":"description1","ad_description2":"description2","ad_url":"http:\/\/www.izptec.com\/go.php","ad_displayurl":"http:\/\/www.izptec.com\/","ad_status":"PAUSE","idclick_planid":61634,"idclick_uid":503,"last_action":"CREATE"}}
)

[ 2013-11-08T10:47:01+08:00 ] #QueueCommon::Get# [error] try to handle message failed. position: #65
[ 2013-11-08T10:47:04+08:00 ] #QueueCommon::Get# [notice] got nothing, current status:
HTTP Simple Queue Service v1.7
------------------------------
Queue Name: common
Maximum number of queues: 1000000
Put position of queue (1st lap): 65
Get position of queue (1st lap): 65
Number of unread queue: 0

[ 2013-11-08T10:48:14+08:00 ] #QueueCommon::Get# [notice] new message: Array
(
    [pos] => 66
    [data] => {"module":"AdGroupAd","action":"UPDATE","data":{"idclick_adid":12348,"idclick_groupid":123460,"ad_headline":"headline\u2014\u2014l","ad_description1":"description1....","ad_description2":"description2....","ad_url":"http:\/\/www.izptec.com\/go1.php","ad_status":"ACTIVE","idclick_planid":61634,"idclick_uid":503,"last_action":"UPDATE"}}
)

[ 2013-11-08T10:48:22+08:00 ] #QueueCommon::Get# [error] try to handle message failed. position: #66
[ 2013-11-08T10:48:22+08:00 ] #QueueCommon::Get# [notice] got nothing, current status:
HTTP Simple Queue Service v1.7
------------------------------
Queue Name: common
Maximum number of queues: 1000000
Put position of queue (1st lap): 66
Get position of queue (1st lap): 66
Number of unread queue: 0

