[ 2013-10-24T18:05:18+08:00 ] #ToAdwords\handleException# [RETURN] Data check failure:
Array
(
    [status] => -1
    [description] => PDOException SQLSTATE[42000]: Syntax error or access violation: 1103 Incorrect table name ''
    [success] => 0
    [failure] => 0
)

[ 2013-10-24T18:06:43+08:00 ] #ToAdwords\handleException# [RETURN] Data check failure:
Array
(
    [status] => -1
    [description] => PDOException SQLSTATE[23000]: Integrity constraint violation: 1062 Duplicate entry '51559-523' for key 'PRIMARY'
    [success] => 0
    [failure] => 0
)

[ 2013-10-24T18:25:49+08:00 ] #ToAdwords\handleException# [RETURN] Data check failure:
Array
(
    [status] => -1
    [description] => PDOException SQLSTATE[23000]: Integrity constraint violation: 1062 Duplicate entry '51559-523' for key 'PRIMARY'
    [success] => 0
    [failure] => 0
)

[ 2013-10-24T18:41:22+08:00 ] #ToAdwords\handleException# [RETURN] Data check failure:
Array
(
    [status] => -1
    [description] => PDOException SQLSTATE[23000]: Integrity constraint violation: 1062 Duplicate entry '51559-523' for key 'PRIMARY'
    [success] => 0
    [failure] => 0
)

[ 2013-10-24T18:41:22+08:00 ] #ToAdwords\handleException# [RETURN] Data check failure:
Array
(
    [status] => -1
    [description] => PDOException SQLSTATE[23000]: Integrity constraint violation: 1062 Duplicate entry '51559-523' for key 'PRIMARY'
    [success] => 0
    [failure] => 0
)

[ 2013-10-24T21:14:50+08:00 ] #ToAdwords\handleException# [RETURN] Data check failure:
Array
(
    [status] => -1
    [description] => PDOException SQLSTATE[28000] [1045] Access denied for user 'root'@'localhost' (using password: YES)
    [success] => 0
    [failure] => 0
)

[ 2013-10-24T21:14:50+08:00 ] #ToAdwords\handleException# [RETURN] Data check failure:
Array
(
    [status] => -1
    [description] => PDOException SQLSTATE[28000] [1045] Access denied for user 'root'@'localhost' (using password: YES)
    [success] => 0
    [failure] => 0
)

[ 2013-10-24T21:17:41+08:00 ] #ToAdwords\handleException# [RETURN] Data check failure:
Array
(
    [status] => -1
    [description] => PDOException SQLSTATE[23000]: Integrity constraint violation: 1062 Duplicate entry '51559-523' for key 'PRIMARY'
    [success] => 0
    [failure] => 0
)

[ 2013-10-24T21:17:41+08:00 ] #ToAdwords\handleException# [RETURN] Data check failure:
Array
(
    [status] => -1
    [description] => PDOException SQLSTATE[23000]: Integrity constraint violation: 1062 Duplicate entry '51559-523' for key 'PRIMARY'
    [success] => 0
    [failure] => 0
)

[ 2013-10-24T21:20:32+08:00 ] #ToAdwords\handleException# [RETURN] Data check failure:
Array
(
    [status] => -1
    [description] => PDOException SQLSTATE[23000]: Integrity constraint violation: 1062 Duplicate entry '51559-523' for key 'PRIMARY'
    [success] => 0
    [failure] => 0
)

[ 2013-10-24T21:20:32+08:00 ] #ToAdwords\handleException# [RETURN] Data check failure:
Array
(
    [status] => -1
    [description] => PDOException SQLSTATE[23000]: Integrity constraint violation: 1062 Duplicate entry '51559-523' for key 'PRIMARY'
    [success] => 0
    [failure] => 0
)

[ 2013-10-24T21:25:36+08:00 ] #ToAdwords\handleException# [RETURN] Data check failure:
Array
(
    [status] => -1
    [description] => PDOException SQLSTATE[23000]: Integrity constraint violation: 1062 Duplicate entry '61529-523' for key 'PRIMARY'
    [success] => 0
    [failure] => 0
)

[ 2013-10-24T21:25:36+08:00 ] #ToAdwords\handleException# [RETURN] Data check failure:
Array
(
    [status] => -1
    [description] => PDOException SQLSTATE[23000]: Integrity constraint violation: 1062 Duplicate entry '61529-523' for key 'PRIMARY'
    [success] => 0
    [failure] => 0
)

[ 2013-10-24T21:26:15+08:00 ] #ToAdwords\handleException# [RETURN] Data check failure:
Array
(
    [status] => -1
    [description] => ToAdwords\Exception\MessageException 消息还未设置完整，不能入队。
    [success] => 0
    [failure] => 0
)

[ 2013-10-24T21:26:48+08:00 ] #ToAdwords\handleException# [RETURN] Data check failure:
Array
(
    [status] => -1
    [description] => PDOException SQLSTATE[23000]: Integrity constraint violation: 1062 Duplicate entry '61549-523' for key 'PRIMARY'
    [success] => 0
    [failure] => 0
)

[ 2013-10-24T21:26:48+08:00 ] #ToAdwords\handleException# [RETURN] Data check failure:
Array
(
    [status] => -1
    [description] => PDOException SQLSTATE[23000]: Integrity constraint violation: 1062 Duplicate entry '61549-523' for key 'PRIMARY'
    [success] => 0
    [failure] => 0
)

[ 2013-10-24T21:28:44+08:00 ] #ToAdwords\handleException# [RETURN] Data check failure:
Array
(
    [status] => -1
    [description] => ToAdwords\Exception\MessageException 消息还未设置完整，不能入队。
    [success] => 0
    [failure] => 0
)

[ 2013-10-24T21:32:42+08:00 ] #ToAdwords\handleException# [RETURN] Data check failure:
Array
(
    [status] => -1
    [description] => ToAdwords\Exception\MessageException [ERROR] 入队失败，请检查HTTPSQS服务器状态及参数配置。
    [success] => 0
    [failure] => 0
)

[ 2013-10-24T21:35:59+08:00 ] #ToAdwords\AdwordsAdapter::generateResult# [RETURN] Processed end with result:
Array
(
    [status] => 1
    [description] => Campaigncreate success!
    [success] => 0
    [failure] => 0
)

[ 2013-10-24T21:53:26+08:00 ] #ToAdwords\handleException# [RETURN] Data check failure:
Array
(
    [status] => -1
    [description] => PDOException SQLSTATE[23000]: Integrity constraint violation: 1062 Duplicate entry '61549-523' for key 'PRIMARY'
    [success] => 0
    [failure] => 0
)

[ 2013-10-24T21:53:26+08:00 ] #ToAdwords\handleException# [RETURN] Data check failure:
Array
(
    [status] => -1
    [description] => PDOException SQLSTATE[23000]: Integrity constraint violation: 1062 Duplicate entry '61549-523' for key 'PRIMARY'
    [success] => 0
    [failure] => 0
)

[ 2013-10-24T22:11:31+08:00 ] #ToAdwords\AdwordsAdapter::generateResult# [RETURN] Processed end with result:
Array
(
    [status] => -1
    [description] => PDOException SQLSTATE[23000]: Integrity constraint violation: 1062 Duplicate entry '61549-523' for key 'PRIMARY'
    [success] => 0
    [failure] => 0
)

[ 2013-10-24T22:15:41+08:00 ] #ToAdwords\AdwordsAdapter::generateResult# [RETURN] Processed end with result:
Array
(
    [status] => -1
    [description] => PDOException SQLSTATE[23000]: Integrity constraint violation: 1062 Duplicate entry '61549-523' for key 'PRIMARY'
    [success] => 0
    [failure] => 0
)

[ 2013-10-24T22:18:57+08:00 ] #ToAdwords\AdwordsAdapter::prepareData# [ERROR] Field #idclick_uid is required.
[ 2013-10-24T22:18:57+08:00 ] #ToAdwords\AdwordsAdapter::generateResult# [RETURN] Processed end with result:
Array
(
    [status] => -1
    [description] => ToAdwords\Exception\DataCheckException [ERROR] Field #idclick_uid is required.
    [success] => 0
    [failure] => 0
)

[ 2013-10-24T22:19:58+08:00 ] #ToAdwords\AdwordsAdapter::prepareData# [ERROR] Field #idclick_uid is required.
[ 2013-10-24T22:19:58+08:00 ] #ToAdwords\AdwordsAdapter::generateResult# [RETURN] Processed end with result:
Array
(
    [status] => -1
    [description] => ToAdwords\Exception\DataCheckException [ERROR] Field #idclick_uid is required.
    [success] => 0
    [failure] => 0
)

[ 2013-10-24T22:21:31+08:00 ] #ToAdwords\AdwordsAdapter::prepareData# [ERROR] Field #idclick_uid is required.
[ 2013-10-24T22:21:31+08:00 ] #ToAdwords\AdwordsAdapter::generateResult# [RETURN] Processed end with result:
Array
(
    [status] => -1
    [description] => ToAdwords\Exception\DataCheckException [ERROR] Field #idclick_uid is required.
    [success] => 0
    [failure] => 0
)

[ 2013-10-24T22:22:25+08:00 ] #ToAdwords\AdwordsAdapter::prepareData# [ERROR] Field #idclick_uid is required.
[ 2013-10-24T22:22:34+08:00 ] #ToAdwords\AdwordsAdapter::prepareData# [ERROR] Field #idclick_uid is required.
[ 2013-10-24T22:22:46+08:00 ] #ToAdwords\AdwordsAdapter::prepareData# [ERROR] Field #idclick_uid is required.
[ 2013-10-24T22:24:50+08:00 ] #ToAdwords\AdwordsAdapter::prepareData# [ERROR] Field #idclick_adid is required.
[ 2013-10-24T22:25:29+08:00 ] #ToAdwords\AdwordsAdapter::prepareData# [ERROR] Field #idclick_adid is required.
[ 2013-10-24T22:28:06+08:00 ] #ToAdwords\AdwordsAdapter::prepareData# [ERROR] Field #idclick_adid is required.
[ 2013-10-24T22:28:06+08:00 ] #ToAdwords\AdwordsAdapter::generateResult# [RETURN] Processed end with result:
Array
(
    [status] => -1
    [description] => ToAdwords\Exception\DataCheckException [ERROR] Field #idclick_adid is required.
    [success] => 0
    [failure] => 0
)

[ 2013-10-24T22:30:24+08:00 ] #ToAdwords\AdwordsAdapter::prepareData# [ERROR] Field #idclick_adid is required.
[ 2013-10-24T22:30:24+08:00 ] #ToAdwords\AdwordsAdapter::generateResult# [RETURN] Processed end with result:
Array
(
    [status] => -1
    [description] => ToAdwords\Exception\DataCheckException [ERROR] Field #idclick_adid is required.
    [success] => 0
    [failure] => 0
)

[ 2013-10-24T22:34:10+08:00 ] #ToAdwords\AdwordsAdapter::prepareData# [ERROR] Field #adgroup_status is required.
[ 2013-10-24T22:34:10+08:00 ] #ToAdwords\AdwordsAdapter::generateResult# [RETURN] Processed end with result:
Array
(
    [status] => -1
    [description] => ToAdwords\Exception\DataCheckException [ERROR] Field #adgroup_status is required.
    [success] => 0
    [failure] => 0
)

[ 2013-10-24T22:34:56+08:00 ] #ToAdwords\AdwordsAdapter::prepareData# [ERROR] Field #adgroup_status is required.
[ 2013-10-24T22:34:56+08:00 ] #ToAdwords\AdwordsAdapter::generateResult# [RETURN] Processed end with result:
Array
(
    [status] => -1
    [description] => ToAdwords\Exception\DataCheckException [ERROR] Field #adgroup_status is required.
    [success] => 0
    [failure] => 0
)

[ 2013-10-24T22:36:47+08:00 ] #ToAdwords\AdwordsAdapter::prepareData# [WARNING] Field #keywords Array to String conversion.
[ 2013-10-24T22:38:19+08:00 ] #ToAdwords\AdwordsAdapter::prepareData# [WARNING] Field #keywords Array to String conversion.
[ 2013-10-24T22:39:37+08:00 ] #ToAdwords\AdwordsAdapter::prepareData# [WARNING] Field #keywords Array to String conversion.
[ 2013-10-24T22:39:37+08:00 ] #ToAdwords\AdwordsAdapter::generateResult# [RETURN] Processed end with result:
Array
(
    [status] => -1
    [description] => ToAdwords\Exception\DependencyException dependency error, parent module #ToAdwords\Model\CampaignModel not found.
    [success] => 0
    [failure] => 0
)

[ 2013-10-24T22:40:20+08:00 ] #ToAdwords\AdwordsAdapter::prepareData# [WARNING] Field #keywords Array to String conversion.
[ 2013-10-24T22:40:20+08:00 ] #ToAdwords\AdwordsAdapter::generateResult# [RETURN] Processed end with result:
Array
(
    [status] => -1
    [description] => ToAdwords\Exception\DependencyException dependency error, parent module #ToAdwords\Model\CampaignModel not found.
    [success] => 0
    [failure] => 0
)

[ 2013-10-24T22:42:26+08:00 ] #ToAdwords\AdwordsAdapter::prepareData# [WARNING] Field #keywords Array to String conversion.
[ 2013-10-24T22:42:26+08:00 ] #ToAdwords\AdwordsAdapter::generateResult# [RETURN] Processed end with result:
Array
(
    [status] => -1
    [description] => ToAdwords\Exception\DependencyException dependency error, parent module #ToAdwords\Model\CampaignModel not found. parentObjectId #61549
    [success] => 0
    [failure] => 0
)

[ 2013-10-24T22:43:24+08:00 ] #ToAdwords\AdwordsAdapter::prepareData# [ERROR] Field #idclick_uid is required.
[ 2013-10-24T22:43:24+08:00 ] #ToAdwords\AdwordsAdapter::generateResult# [RETURN] Processed end with result:
Array
(
    [status] => -1
    [description] => ToAdwords\Exception\DataCheckException [ERROR] Field #idclick_uid is required.
    [success] => 0
    [failure] => 0
)

[ 2013-10-24T22:43:51+08:00 ] #ToAdwords\AdwordsAdapter::generateResult# [RETURN] Processed end with result:
Array
(
    [status] => -1
    [description] => ToAdwords\Exception\DependencyException dependency error, parent module #ToAdwords\Model\CustomerModel not found. parentObjectId #498
    [success] => 0
    [failure] => 0
)

[ 2013-10-24T22:45:05+08:00 ] #ToAdwords\AdwordsAdapter::generateResult# [RETURN] Processed end with result:
Array
(
    [status] => -1
    [description] => ToAdwords\Exception\DependencyException dependency error, parent module #ToAdwords\Model\CustomerModel not found. parentObjectId #498 ToAdwords\CustomerAdapter
    [success] => 0
    [failure] => 0
)

[ 2013-10-24T22:48:38+08:00 ] #ToAdwords\AdwordsAdapter::prepareData# [WARNING] Field #keywords Array to String conversion.
[ 2013-10-24T22:48:38+08:00 ] #ToAdwords\AdwordsAdapter::generateResult# [RETURN] Processed end with result:
Array
(
    [status] => -1
    [description] => ToAdwords\Exception\DependencyException dependency error, parent module #ToAdwords\Model\CampaignModel not found. parentObjectId #61549
    [success] => 0
    [failure] => 0
)

[ 2013-10-24T22:49:01+08:00 ] #ToAdwords\AdwordsAdapter::prepareData# [WARNING] Field #keywords Array to String conversion.
[ 2013-10-24T22:52:14+08:00 ] #ToAdwords\AdwordsAdapter::prepareData# [WARNING] Field #keywords Array to String conversion.
[ 2013-10-24T22:53:11+08:00 ] #ToAdwords\AdwordsAdapter::prepareData# [WARNING] Field #keywords Array to String conversion.
[ 2013-10-24T22:53:11+08:00 ] #ToAdwords\AdwordsAdapter::generateResult# [RETURN] Processed end with result:
Array
(
    [status] => -1
    [description] => PDOException SQLSTATE[23000]: Integrity constraint violation: 1062 Duplicate entry '123456-61550' for key 'PRIMARY'
    [success] => 0
    [failure] => 0
)

[ 2013-10-24T22:53:58+08:00 ] #ToAdwords\AdwordsAdapter::prepareData# [ERROR] Field #ad_status is required.
[ 2013-10-24T22:53:58+08:00 ] #ToAdwords\AdwordsAdapter::generateResult# [RETURN] Processed end with result:
Array
(
    [status] => -1
    [description] => ToAdwords\Exception\DataCheckException [ERROR] Field #ad_status is required.
    [success] => 0
    [failure] => 0
)

[ 2013-10-24T22:54:36+08:00 ] #ToAdwords\AdwordsAdapter::generateResult# [RETURN] Processed end with result:
Array
(
    [status] => -1
    [description] => PDOException SQLSTATE[23000]: Integrity constraint violation: 1062 Duplicate entry '12345-123456' for key 'PRIMARY'
    [success] => 0
    [failure] => 0
)

[ 2013-10-24T22:57:24+08:00 ] #ToAdwords\AdwordsAdapter::generateResult# [RETURN] Processed end with result:
Array
(
    [status] => -1
    [description] => PDOException SQLSTATE[23000]: Integrity constraint violation: 1062 Duplicate entry '12345-123456' for key 'PRIMARY'
    [success] => 0
    [failure] => 0
)

[ 2013-10-24T23:00:06+08:00 ] #ToAdwords\AdwordsAdapter::generateResult# [RETURN] Processed end with result:
Array
(
    [status] => 1
    [description] => AdGroupAd create success!
    [success] => 1
    [failure] => 0
)

