[ 2013-10-14T12:41:35+08:00 ] #ToAdwords\CampaignAdapter::delete# 从AMC接口收到数据=========================
Array
(
    [idclick_planid] => 15477
)

[ 2013-10-14T12:41:36+08:00 ] #ToAdwords\AdwordsAdapter::checkData# 检查到不符合条件的数据，未设置：idclick_uid
[ 2013-10-14T12:41:36+08:00 ] #ToAdwords\AdwordsAdapter::generateResult# [ERROR]数据验证失败，返回结果：
Array
(
    [status] => -1
    [description] => 数据验证未通过：检查到不符合条件的数据，未设置：idclick_uid
    [success] => 0
    [failure] => 0
)

[ 2013-10-14T12:41:45+08:00 ] #ToAdwords\CampaignAdapter::delete# 从AMC接口收到数据=========================
Array
(
    [idclick_planid] => 15477
)

[ 2013-10-14T12:41:45+08:00 ] #ToAdwords\AdwordsAdapter::checkData# 检查到不符合条件的数据，未设置：idclick_uid
[ 2013-10-14T12:41:45+08:00 ] #ToAdwords\AdwordsAdapter::generateResult# [ERROR]数据验证失败，返回结果：
Array
(
    [status] => -1
    [description] => 数据验证未通过：检查到不符合条件的数据，未设置：idclick_uid
    [success] => 0
    [failure] => 0
)

[ 2013-10-14T12:42:04+08:00 ] #ToAdwords\AdwordsAdapter::checkData# 检查到不符合条件的数据，未设置：campaign_status
[ 2013-10-14T12:42:04+08:00 ] #ToAdwords\AdwordsAdapter::generateResult# [ERROR]数据验证失败，返回结果：
Array
(
    [status] => -1
    [description] => 数据验证未通过：检查到不符合条件的数据，未设置：campaign_status
    [success] => 0
    [failure] => 0
)

[ 2013-10-14T12:50:02+08:00 ] #ToAdwords\AdwordsAdapter::generateResult# [ERROR]数据验证失败，返回结果：
Array
(
    [status] => -1
    [description] => 数据验证未通过：广告计划已存在，idclick_planid为51556
    [success] => 0
    [failure] => 0
)

[ 2013-10-14T12:50:06+08:00 ] #ToAdwords\AdwordsAdapter::generateResult# [ERROR]数据验证失败，返回结果：
Array
(
    [status] => -1
    [description] => 数据验证未通过：广告计划已存在，idclick_planid为51556
    [success] => 0
    [failure] => 0
)

[ 2013-10-14T12:53:55+08:00 ] #ToAdwords\AdwordsAdapter::generateResult# [ERROR]数据验证失败，返回结果：
Array
(
    [status] => -1
    [description] => 数据验证未通过：广告计划已存在，idclick_planid为51557
    [success] => 0
    [failure] => 0
)

[ 2013-10-14T13:01:34+08:00 ] #ToAdwords\AdwordsAdapter::generateResult# [NOTICE]执行完成，返回结果：
Array
(
    [status] => 1
    [description] => 广告计划添加成功
    [success] => 1
    [failure] => 0
)

