[ 2013-10-31T11:30:58+08:00 ] #ToAdwords\AdwordsAdapter::create# Received new data:
Array
(
    [idclick_planid] => 61628
    [idclick_uid] => 503
    [campaign_name] => campaign_name #5271cef259394
    [areas] => 10031,10032
    [languages] => 10031,10032
    [bidding_type] => 0
    [budget_amount] => 20000
    [delivery_method] => ACCELERATED
    [max_cpc] => 10
    [campaign_status] => ACTIVE
)

[ 2013-10-31T11:30:58+08:00 ] #ToAdwords\AdwordsAdapter::generateResult# [RETURN] Processed end with result:
Array
(
    [status] => -1
    [description] => ToAdwords\Exception\ModelException  ErrorInfo:SQLSTATE[42S22]: Column not found: 1054 Unknown column 'adwords_customerid' in 'field list'
    [success] => 0
    [failure] => 0
)

[ 2013-10-31T11:36:33+08:00 ] #ToAdwords\AdwordsAdapter::create# Received new data:
Array
(
    [idclick_planid] => 61628
    [idclick_uid] => 503
    [campaign_name] => campaign_name #5271d0412db93
    [areas] => 10031,10032
    [languages] => 10031,10032
    [bidding_type] => 0
    [budget_amount] => 20000
    [delivery_method] => ACCELERATED
    [max_cpc] => 10
    [campaign_status] => ACTIVE
)

[ 2013-10-31T11:36:33+08:00 ] #ToAdwords\AdwordsAdapter::generateResult# [RETURN] Processed end with result:
Array
(
    [status] => -1
    [description] => ToAdwords\Exception\ModelException  ErrorInfo:SQLSTATE[42S22]: Column not found: 1054 Unknown column 'adwords_customerid' in 'field list'
    [success] => 0
    [failure] => 0
)

[ 2013-10-31T11:37:23+08:00 ] #ToAdwords\AdwordsAdapter::create# Received new data:
Array
(
    [idclick_planid] => 61628
    [idclick_uid] => 503
    [campaign_name] => campaign_name #5271d073111c9
    [areas] => 10031,10032
    [languages] => 10031,10032
    [bidding_type] => 0
    [budget_amount] => 20000
    [delivery_method] => ACCELERATED
    [max_cpc] => 10
    [campaign_status] => ACTIVE
)

[ 2013-10-31T11:37:23+08:00 ] #ToAdwords\AdwordsAdapter::generateResult# [RETURN] Processed end with result:
Array
(
    [status] => 1
    [description] => Campaign create success!
    [success] => 1
    [failure] => 0
)

