[ 2013-10-24T22:17:13+08:00 ] #ToAdwords\MessageHandler::put# [warning] put message into queue failed, daemon process will handle it.
[消息] 模块：Campaign | 动作：CREATE | 消息内容：Array
(
    [idclick_planid] => 61550
    [idclick_uid] => 523
    [campaign_name] => campaign_name #52692be875775
    [areas] => 10031,10032
    [languages] => 10031,10032
    [bidding_type] => BUDGET_OPTIMIZER
    [budget_amount] => 20000
    [delivery_method] => ACCELERATED
    [max_cpc] => 10
    [campaign_status] => ACTIVE
)

[ 2013-10-24T22:17:13+08:00 ] #ToAdwords\AdwordsAdapter::generateResult# [RETURN] Processed end with result:
Array
(
    [status] => 
    [description] => Campaign create success!
    [success] => 1
    [failure] => 0
)

[ 2013-10-24T22:47:31+08:00 ] #ToAdwords\MessageHandler::put# [warning] put message into queue failed, daemon process will handle it.
[消息] 模块：Campaign | 动作：CREATE | 消息内容：Array
(
    [idclick_planid] => 61550
    [idclick_uid] => 498
    [campaign_name] => campaign_name #5269330252138
    [areas] => 10031,10032
    [languages] => 10031,10032
    [bidding_type] => BUDGET_OPTIMIZER
    [budget_amount] => 20000
    [delivery_method] => ACCELERATED
    [max_cpc] => 10
    [campaign_status] => ACTIVE
)

[ 2013-10-24T22:47:31+08:00 ] #ToAdwords\AdwordsAdapter::generateResult# [RETURN] Processed end with result:
Array
(
    [status] => 
    [description] => Campaign create success!
    [success] => 1
    [failure] => 0
)

[ 2013-10-24T22:52:15+08:00 ] #ToAdwords\MessageHandler::put# [warning] put message into queue failed, daemon process will handle it.
[消息] 模块：AdGroup | 动作：CREATE | 消息内容：Array
(
    [idclick_groupid] => 123456
    [idclick_planid] => 61550
    [adgroup_name] => group_name
    [keywords] => keywords1,keywords2
    [budget_amount] => 200
    [adgroup_status] => ACTIVE
)

[ 2013-10-24T22:52:15+08:00 ] #ToAdwords\AdwordsAdapter::generateResult# [RETURN] Processed end with result:
Array
(
    [status] => 
    [description] => AdGroup create success!
    [success] => 1
    [failure] => 0
)

[ 2013-10-24T22:54:58+08:00 ] #ToAdwords\MessageHandler::put# [warning] put message into queue failed, daemon process will handle it.
[消息] 模块：AdGroupAd | 动作：CREATE | 消息内容：Array
(
    [idclick_adid] => 12345
    [idclick_groupid] => 123456
    [ad_headline] => headline
    [ad_description1] => description1
    [ad_description2] => description2
    [ad_url] => http://www.izptec.com/go.php
    [ad_displayurl] => http://www.izptec.com/
    [ad_status] => PAUSE
)

[ 2013-10-24T22:54:58+08:00 ] #ToAdwords\AdwordsAdapter::generateResult# [RETURN] Processed end with result:
Array
(
    [status] => 1
    [description] => AdGroupAd create success!
    [success] => 1
    [failure] => 0
)

[ 2013-10-24T22:58:26+08:00 ] #ToAdwords\MessageHandler::put# [warning] put message into queue failed, daemon process will handle it.
[消息] 模块：AdGroupAd | 动作：CREATE | 消息内容：Array
(
    [idclick_adid] => 12346
    [idclick_groupid] => 123456
    [ad_headline] => headline
    [ad_description1] => description1
    [ad_description2] => description2
    [ad_url] => http://www.izptec.com/go.php
    [ad_displayurl] => http://www.izptec.com/
    [ad_status] => PAUSE
)

[ 2013-10-24T22:58:26+08:00 ] #ToAdwords\AdwordsAdapter::generateResult# [RETURN] Processed end with result:
Array
(
    [status] => 1
    [description] => AdGroupAd create success!
    [success] => 1
    [failure] => 0
)

[ 2013-10-24T23:00:06+08:00 ] #ToAdwords\MessageHandler::put# [warning] put message into queue failed, daemon process will handle it.
[消息] 模块：AdGroupAd | 动作：CREATE | 消息内容：Array
(
    [idclick_adid] => 12347
    [idclick_groupid] => 123456
    [ad_headline] => headline
    [ad_description1] => description1
    [ad_description2] => description2
    [ad_url] => http://www.izptec.com/go.php
    [ad_displayurl] => http://www.izptec.com/
    [ad_status] => PAUSE
)

