[ 2013-10-25T11:04:05+08:00 ] #ToAdwords\MessageHandler::put# [notice] new message put. #common content:
[消息] 模块：Campaign | 动作：CREATE | 消息内容：Array
(
    [idclick_planid] => 61621
    [idclick_uid] => 498
    [campaign_name] => campaign_name #5269dfa5a583c
    [areas] => 10031,10032
    [languages] => 10031,10032
    [bidding_type] => BUDGET_OPTIMIZER
    [budget_amount] => 20000
    [delivery_method] => ACCELERATED
    [max_cpc] => 10
    [campaign_status] => ACTIVE
)

[ 2013-10-25T11:05:40+08:00 ] #ToAdwords\MessageHandler::put# [notice] new message put. #common content:
[消息] 模块：Campaign | 动作：CREATE | 消息内容：Array
(
    [idclick_planid] => 61622
    [idclick_uid] => 498
    [campaign_name] => campaign_name #5269e004b8aa7
    [areas] => 10031,10032
    [languages] => 10031,10032
    [bidding_type] => BUDGET_OPTIMIZER
    [budget_amount] => 20000
    [delivery_method] => ACCELERATED
    [max_cpc] => 10
    [campaign_status] => ACTIVE
)

[ 2013-10-25T11:06:05+08:00 ] #ToAdwords\MessageHandler::put# [notice] new message put. #common content:
[消息] 模块：Campaign | 动作：CREATE | 消息内容：Array
(
    [idclick_planid] => 61622
    [idclick_uid] => 498
    [campaign_name] => campaign_name #5269e01d70e1c
    [areas] => 10031,10032
    [languages] => 10031,10032
    [bidding_type] => MANUAL_CPC
    [budget_amount] => 20000
    [delivery_method] => ACCELERATED
    [max_cpc] => 10
    [campaign_status] => ACTIVE
)

[ 2013-10-25T11:09:32+08:00 ] #ToAdwords\MessageHandler::put# [notice] new message put. #common content:
[消息] 模块：Campaign | 动作：CREATE | 消息内容：Array
(
    [idclick_planid] => 61623
    [idclick_uid] => 498
    [campaign_name] => campaign_name #5269e0ec2c571
    [areas] => 10031,10032
    [languages] => 10031,10032
    [bidding_type] => MANUAL_CPC
    [budget_amount] => 20000
    [delivery_method] => ACCELERATED
    [max_cpc] => 10
    [campaign_status] => ACTIVE
)

[ 2013-10-25T11:11:21+08:00 ] #ToAdwords\MessageHandler::put# [notice] new message put. #common content:
[消息] 模块：Customer | 动作：CREATE | 消息内容：Array
(
    [idclick_uid] => 499
)

[ 2013-10-25T11:11:21+08:00 ] #ToAdwords\AdwordsAdapter::generateResult# [RETURN] Processed end with result:
Array
(
    [status] => 
    [description] => 
    [success] => 0
    [failure] => 0
)

[ 2013-10-25T11:11:21+08:00 ] #ToAdwords\MessageHandler::put# [notice] new message put. #common content:
[消息] 模块：Campaign | 动作：CREATE | 消息内容：Array
(
    [idclick_planid] => 61624
    [idclick_uid] => 499
    [campaign_name] => campaign_name #5269e159cb9d8
    [areas] => 10031,10032
    [languages] => 10031,10032
    [bidding_type] => MANUAL_CPC
    [budget_amount] => 20000
    [delivery_method] => ACCELERATED
    [max_cpc] => 10
    [campaign_status] => ACTIVE
)

[ 2013-10-25T11:12:31+08:00 ] #ToAdwords\MessageHandler::put# [notice] new message put. #common content:
[消息] 模块：Customer | 动作：CREATE | 消息内容：Array
(
    [idclick_uid] => 500
)

[ 2013-10-25T11:12:31+08:00 ] #ToAdwords\AdwordsAdapter::generateResult# [RETURN] Processed end with result:
Array
(
    [status] => 
    [description] => 
    [success] => 0
    [failure] => 0
)

[ 2013-10-25T11:12:31+08:00 ] #ToAdwords\MessageHandler::put# [notice] new message put. #common content:
[消息] 模块：Campaign | 动作：CREATE | 消息内容：Array
(
    [idclick_planid] => 61625
    [idclick_uid] => 500
    [campaign_name] => campaign_name #5269e19f368c9
    [areas] => 10031,10032
    [languages] => 10031,10032
    [bidding_type] => MANUAL_CPC
    [budget_amount] => 20000
    [delivery_method] => ACCELERATED
    [max_cpc] => 10
    [campaign_status] => ACTIVE
)

[ 2013-10-25T11:14:48+08:00 ] #ToAdwords\MessageHandler::put# [notice] new message put. #common content:
[消息] 模块：Customer | 动作：CREATE | 消息内容：Array
(
    [idclick_uid] => 501
)

[ 2013-10-25T11:14:48+08:00 ] #ToAdwords\MessageHandler::put# [notice] new message put. #common content:
[消息] 模块：Campaign | 动作：CREATE | 消息内容：Array
(
    [idclick_planid] => 61626
    [idclick_uid] => 501
    [campaign_name] => campaign_name #5269e2282c056
    [areas] => 10031,10032
    [languages] => 10031,10032
    [bidding_type] => MANUAL_CPC
    [budget_amount] => 20000
    [delivery_method] => ACCELERATED
    [max_cpc] => 10
    [campaign_status] => ACTIVE
)

[ 2013-10-25T11:19:18+08:00 ] #ToAdwords\MessageHandler::put# [notice] new message put. #common content:
[消息] 模块：Customer | 动作：CREATE | 消息内容：Array
(
    [idclick_uid] => 502
)

[ 2013-10-25T11:19:18+08:00 ] #ToAdwords\MessageHandler::put# [notice] new message put. #common content:
[消息] 模块：Campaign | 动作：CREATE | 消息内容：Array
(
    [idclick_planid] => 61627
    [idclick_uid] => 502
    [campaign_name] => campaign_name #5269e3366f15d
    [areas] => 10031,10032
    [languages] => 10031,10032
    [bidding_type] => MANUAL_CPC
    [budget_amount] => 20000
    [delivery_method] => ACCELERATED
    [max_cpc] => 10
    [campaign_status] => ACTIVE
)

[ 2013-10-25T11:20:11+08:00 ] #ToAdwords\MessageHandler::put# [notice] new message put. #common content:
[消息] 模块：Campaign | 动作：CREATE | 消息内容：Array
(
    [idclick_planid] => 61627
    [idclick_uid] => 502
    [campaign_name] => campaign_name #5269e36b3aec4
    [areas] => 10031,10032
    [languages] => 10031,10032
    [bidding_type] => MANUAL_CPC
    [budget_amount] => 20000
    [delivery_method] => ACCELERATED
    [max_cpc] => 10
    [campaign_status] => ACTIVE
)

[ 2013-10-25T11:20:18+08:00 ] #ToAdwords\MessageHandler::put# [notice] new message put. #common content:
[消息] 模块：Campaign | 动作：CREATE | 消息内容：Array
(
    [idclick_planid] => 61627
    [idclick_uid] => 502
    [campaign_name] => campaign_name #5269e3729e7ee
    [areas] => 10031,10032
    [languages] => 10031,10032
    [bidding_type] => MANUAL_CPC
    [budget_amount] => 20000
    [delivery_method] => ACCELERATED
    [max_cpc] => 10
    [campaign_status] => ACTIVE
)

[ 2013-10-25T12:44:07+08:00 ] #ToAdwords\MessageHandler::put# [notice] new message put. #common content:
[消息] 模块：AdGroup | 动作：CREATE | 消息内容：Array
(
    [idclick_groupid] => 123456
    [idclick_planid] => 61627
    [adgroup_name] => group_name
    [keywords] => keywords1,keywords2
    [budget_amount] => 200
    [adgroup_status] => ACTIVE
)

[ 2013-10-25T12:47:49+08:00 ] #ToAdwords\MessageHandler::put# [notice] new message put. #common content:
[消息] 模块：Campaign | 动作：UPDATE | 消息内容：Array
(
    [idclick_planid] => 61627
    [idclick_uid] => 502
    [budget_amount] => 32334
    [campaign_status] => ACTIVE
    [last_action] => UPDATE
)

[ 2013-10-25T12:52:13+08:00 ] #ToAdwords\MessageHandler::put# [notice] new message put. #common content:
[消息] 模块：Campaign | 动作：UPDATE | 消息内容：Array
(
    [idclick_planid] => 61627
    [idclick_uid] => 502
    [budget_amount] => 32334
    [campaign_status] => ACTIVE
    [last_action] => UPDATE
)

[ 2013-10-25T12:52:30+08:00 ] #ToAdwords\MessageHandler::put# [notice] new message put. #common content:
[消息] 模块：Campaign | 动作：UPDATE | 消息内容：Array
(
    [idclick_planid] => 61627
    [idclick_uid] => 502
    [budget_amount] => 32334
    [campaign_status] => ACTIVE
    [last_action] => UPDATE
)

[ 2013-10-25T12:56:29+08:00 ] #ToAdwords\MessageHandler::put# [notice] new message put. #common content:
[消息] 模块：Campaign | 动作：DELETE | 消息内容：Array
(
    [last_action] => DELETE
    [campaign_status] => DELETE
    [idclick_planid] => 61627
    [idclick_uid] => 502
)

