[ 2013-09-30T11:04:21+08:00 ] #ToAdwords\Util\Message::put# [消息] 模块：Campaign | 动作：CREATE | 消息内容：Array
(
    [idclick_planid] => 51556
    [idclick_uid] => 523
    [campaign_name] => campaign_name #5248ea35d3e4e
    [areas] => 10031,10032
    [languages] => 10031,10032
    [bidding_type] => 1
    [budget_amount] => 20000
    [delivery_method] => ACCELERATED
    [max_cpc] => 10
    [customer_id] => 1
)

[ 2013-09-30T11:24:10+08:00 ] #ToAdwords\CampaignAdapter::update# 在Campaign表操作失败，事务已回滚，idclick_planid为51556 ==》SQLSTATE[42000]: Syntax error or access violation: 1064 You have an error in your SQL syntax; check the manual that corresponds to your MySQL server version for the right syntax to use near '' at line 1
[ 2013-09-30T11:26:08+08:00 ] #ToAdwords\CampaignAdapter::update# 在Campaign表操作失败，事务已回滚，idclick_planid为51556 ==》SQLSTATE[42000]: Syntax error or access violation: 1064 You have an error in your SQL syntax; check the manual that corresponds to your MySQL server version for the right syntax to use near 'WHEREidclick_planid=?' at line 1
[ 2013-09-30T11:26:41+08:00 ] #ToAdwords\CampaignAdapter::update# 在Campaign表操作失败，事务已回滚，idclick_planid为51556 ==》SQLSTATE[HY000]: General error: 2031 
[ 2013-09-30T11:27:23+08:00 ] #ToAdwords\Util\Message::put# [消息] 模块：Campaign | 动作：UPDATE | 消息内容：Array
(
    [idclick_planid] => 51556
    [budget_amount] => 32333
    [campaign_status] => ACTIVE
    [last_action] => UPDATE
)

[ 2013-09-30T11:29:09+08:00 ] #ToAdwords\Util\Message::put# [消息] 模块：Campaign | 动作：UPDATE | 消息内容：Array
(
    [idclick_planid] => 51556
    [budget_amount] => 32334
    [campaign_status] => ACTIVE
    [last_action] => UPDATE
)

[ 2013-09-30T11:29:35+08:00 ] #ToAdwords\Util\Message::put# [消息] 模块：Campaign | 动作：UPDATE | 消息内容：Array
(
    [last_action] => UPDATE
    [idclick_planid] => 12345
)

[ 2013-09-30T11:29:46+08:00 ] #ToAdwords\Util\Message::put# [消息] 模块：Campaign | 动作：UPDATE | 消息内容：Array
(
    [last_action] => UPDATE
    [idclick_planid] => 12345
)

[ 2013-09-30T11:30:43+08:00 ] #ToAdwords\Util\Message::put# [消息] 模块：Campaign | 动作：UPDATE | 消息内容：Array
(
    [last_action] => DELETE
    [idclick_planid] => 12345
)

[ 2013-09-30T11:33:37+08:00 ] #ToAdwords\Util\Message::put# [消息] 模块：Campaign | 动作：UPDATE | 消息内容：Array
(
    [last_action] => DELETE
    [idclick_planid] => 15477
)

