[ 2013-09-29T16:33:42+08:00 ] #ToAdwords\Util\Message::put# [消息] 模块：Customer | 动作：CREATE | 消息内容：Array
(
    [idclick_uid] => 522
)

[ 2013-09-29T16:33:42+08:00 ] #ToAdwords\Util\Message::put# [消息] 模块：Campaign | 动作：CREATE | 消息内容：Array
(
    [idclick_planid] => 51549
    [idclick_uid] => 522
    [campaign_name] => campaign_name #5247e5e66b88d
    [areas] => 10031,10032
    [languages] => 10031,10032
    [bidding_type] => 1
    [budget_amount] => 20000
    [delivery_method] => ACCELERATED
    [max_cpc] => 10
    [last_action] => CREATE
    [customer_id] => 1
)

[ 2013-09-29T16:33:53+08:00 ] #ToAdwords\Util\Message::put# [消息] 模块：Campaign | 动作：CREATE | 消息内容：Array
(
    [idclick_planid] => 51550
    [idclick_uid] => 522
    [campaign_name] => campaign_name #5247e5f109255
    [areas] => 10031,10032
    [languages] => 10031,10032
    [bidding_type] => 1
    [budget_amount] => 20000
    [delivery_method] => ACCELERATED
    [max_cpc] => 10
    [last_action] => CREATE
    [customer_id] => 1
)

[ 2013-09-29T16:33:59+08:00 ] #ToAdwords\Util\Message::put# [消息] 模块：Campaign | 动作：CREATE | 消息内容：Array
(
    [idclick_planid] => 51551
    [idclick_uid] => 522
    [campaign_name] => campaign_name #5247e5f6eea35
    [areas] => 10031,10032
    [languages] => 10031,10032
    [bidding_type] => 1
    [budget_amount] => 20000
    [delivery_method] => ACCELERATED
    [max_cpc] => 10
    [last_action] => CREATE
    [customer_id] => 1
)

[ 2013-09-29T16:34:03+08:00 ] #ToAdwords\Util\Message::put# [消息] 模块：Campaign | 动作：CREATE | 消息内容：Array
(
    [idclick_planid] => 51552
    [idclick_uid] => 522
    [campaign_name] => campaign_name #5247e5fb0116d
    [areas] => 10031,10032
    [languages] => 10031,10032
    [bidding_type] => 1
    [budget_amount] => 20000
    [delivery_method] => ACCELERATED
    [max_cpc] => 10
    [last_action] => CREATE
    [customer_id] => 1
)

[ 2013-09-29T16:34:06+08:00 ] #ToAdwords\Util\Message::put# [消息] 模块：Campaign | 动作：CREATE | 消息内容：Array
(
    [idclick_planid] => 51553
    [idclick_uid] => 522
    [campaign_name] => campaign_name #5247e5fedbd6d
    [areas] => 10031,10032
    [languages] => 10031,10032
    [bidding_type] => 1
    [budget_amount] => 20000
    [delivery_method] => ACCELERATED
    [max_cpc] => 10
    [last_action] => CREATE
    [customer_id] => 1
)

[ 2013-09-29T16:34:14+08:00 ] #ToAdwords\Util\Message::put# [消息] 模块：Customer | 动作：CREATE | 消息内容：Array
(
    [idclick_uid] => 523
)

[ 2013-09-29T16:34:14+08:00 ] #ToAdwords\Util\Message::put# [消息] 模块：Campaign | 动作：CREATE | 消息内容：Array
(
    [idclick_planid] => 51554
    [idclick_uid] => 523
    [campaign_name] => campaign_name #5247e605e9ffd
    [areas] => 10031,10032
    [languages] => 10031,10032
    [bidding_type] => 1
    [budget_amount] => 20000
    [delivery_method] => ACCELERATED
    [max_cpc] => 10
    [last_action] => CREATE
    [customer_id] => 1
)

[ 2013-09-29T16:34:18+08:00 ] #ToAdwords\Util\Message::put# [消息] 模块：Campaign | 动作：CREATE | 消息内容：Array
(
    [idclick_planid] => 51555
    [idclick_uid] => 523
    [campaign_name] => campaign_name #5247e60a0f015
    [areas] => 10031,10032
    [languages] => 10031,10032
    [bidding_type] => 1
    [budget_amount] => 20000
    [delivery_method] => ACCELERATED
    [max_cpc] => 10
    [last_action] => CREATE
    [customer_id] => 1
)

