[ 2013-10-08T00:08:45+08:00 ] #ToAdwords\Util\Message::put# [消息] 模块：Campaign | 动作：DELETE | 消息内容：Array
(
    [last_action] => DELETE
    [idclick_planid] => 15477
)

[ 2013-10-08T00:14:15+08:00 ] #ToAdwords\Util\Message::put# [消息] 模块：Campaign | 动作：DELETE | 消息内容：Array
(
    [last_action] => DELETE
    [idclick_planid] => 15477
)

[ 2013-10-08T00:14:52+08:00 ] #ToAdwords\Util\Message::put# [消息] 模块：Campaign | 动作：DELETE | 消息内容：Array
(
    [last_action] => DELETE
    [idclick_planid] => 15477
)

[ 2013-10-08T00:14:58+08:00 ] #ToAdwords\Util\Message::put# [消息] 模块：Campaign | 动作：DELETE | 消息内容：Array
(
    [last_action] => DELETE
    [idclick_planid] => 15477
)

[ 2013-10-08T00:15:00+08:00 ] #ToAdwords\Util\Message::put# [消息] 模块：Campaign | 动作：DELETE | 消息内容：Array
(
    [last_action] => DELETE
    [idclick_planid] => 15477
)

[ 2013-10-08T00:18:10+08:00 ] #ToAdwords\Util\Message::put# [消息] 模块：Campaign | 动作：DELETE | 消息内容：Array
(
    [last_action] => DELETE
    [idclick_planid] => 15477
)

[ 2013-10-08T00:18:11+08:00 ] #ToAdwords\Util\Message::put# [消息] 模块：Campaign | 动作：DELETE | 消息内容：Array
(
    [last_action] => DELETE
    [idclick_planid] => 15477
)

[ 2013-10-08T00:18:29+08:00 ] #ToAdwords\Util\Message::put# [消息] 模块：Campaign | 动作：DELETE | 消息内容：Array
(
    [last_action] => DELETE
    [idclick_planid] => 15477
)

