[Sep 16 2013 15:26:55.000000 - ERROR] POST /api/adwords/mcm/v201306/ManagedCustomerService?access_token=ya29.AHES6ZRU50wUtBYJLKYWXS9Mooi1uPDgMSdKc7gaQxXWygg HTTP/1.1
Host: adwords.google.com
Connection: Keep-Alive
User-Agent: PHP-SOAP/5.4.16, gzip
Accept-Encoding: gzip, deflate
Content-Encoding: gzip
Content-Type: text/xml; charset=utf-8
SOAPAction: ""
Content-Length: 457

<?xml version="1.0" encoding="UTF-8"?>
<SOAP-ENV:Envelope xmlns:SOAP-ENV="http://schemas.xmlsoap.org/soap/envelope/" xmlns:ns1="https://adwords.google.com/api/adwords/cm/v201306" xmlns:ns2="https://adwords.google.com/api/adwords/mcm/v201306">
  <SOAP-ENV:Header>
    <ns2:RequestHeader>
      <ns1:clientCustomerId>562-985-5412</ns1:clientCustomerId>
      <ns1:developerToken>Y9U2OOaJOitoCK3UNPs0ow</ns1:developerToken>
      <ns1:userAgent>TestAgent Co.,Ltd. (AwApi-PHP/4.5.1, Common-PHP/5.0.0, PHP/5.4.16)</ns1:userAgent>
    </ns2:RequestHeader>
  </SOAP-ENV:Header>
  <SOAP-ENV:Body>
    <ns2:mutate>
      <ns2:operations>
        <ns1:operator>ADD</ns1:operator>
        <ns2:operand>
          <ns2:name>Account #5236b2bc36e24</ns2:name>
          <ns2:currencyCode>CNY</ns2:currencyCode>
          <ns2:dateTimeZone>Asia/Shanghai</ns2:dateTimeZone>
        </ns2:operand>
      </ns2:operations>
    </ns2:mutate>
  </SOAP-ENV:Body>
</SOAP-ENV:Envelope>

HTTP/1.1 500 Internal Server Error
Content-Type: text/xml; charset=UTF-8
Content-Encoding: gzip
Date: Mon, 16 Sep 2013 07:26:55 GMT
Expires: Mon, 16 Sep 2013 07:26:55 GMT
Cache-Control: private, max-age=0
X-Content-Type-Options: nosniff
X-Frame-Options: SAMEORIGIN
X-XSS-Protection: 1; mode=block
Content-Length: 546
Server: GSE

<?xml version="1.0"?>
<soap:Envelope xmlns:soap="http://schemas.xmlsoap.org/soap/envelope/">
  <soap:Header>
    <ResponseHeader xmlns:ns2="https://adwords.google.com/api/adwords/cm/v201306" xmlns="https://adwords.google.com/api/adwords/mcm/v201306">
      <ns2:requestId>0004e67b20f5d3f00aa51d0800006239</ns2:requestId>
      <ns2:serviceName>ManagedCustomerService</ns2:serviceName>
      <ns2:methodName>mutate</ns2:methodName>
      <ns2:operations>0</ns2:operations>
      <ns2:responseTime>158</ns2:responseTime>
    </ResponseHeader>
  </soap:Header>
  <soap:Body>
    <soap:Fault>
      <faultcode>soap:Server</faultcode>
      <faultstring>[AuthorizationError.USER_PERMISSION_DENIED @ ; trigger:'&lt;null&gt;']</faultstring>
      <detail>
        <ApiExceptionFault xmlns="https://adwords.google.com/api/adwords/mcm/v201306" xmlns:ns2="https://adwords.google.com/api/adwords/cm/v201306">
          <ns2:message>[AuthorizationError.USER_PERMISSION_DENIED @ ; trigger:'&lt;null&gt;']</ns2:message>
          <ns2:ApplicationException.Type>ApiException</ns2:ApplicationException.Type>
          <ns2:errors xmlns:xsi="http://www.w3.org/2001/XMLSchema-instance" xsi:type="ns2:AuthorizationError">
            <ns2:fieldPath/>
            <ns2:trigger>&lt;null&gt;</ns2:trigger>
            <ns2:errorString>AuthorizationError.USER_PERMISSION_DENIED</ns2:errorString>
            <ns2:ApiError.Type>AuthorizationError</ns2:ApiError.Type>
            <ns2:reason>USER_PERMISSION_DENIED</ns2:reason>
          </ns2:errors>
        </ApiExceptionFault>
      </detail>
    </soap:Fault>
  </soap:Body>
</soap:Envelope>

[Sep 16 2013 15:27:32.000000 - ERROR] POST /api/adwords/mcm/v201306/ManagedCustomerService?access_token=ya29.AHES6ZRsX3tEgyA-4FQG7qaVA3-vVola4niYw9UbebLj2xE HTTP/1.1
Host: adwords.google.com
Connection: Keep-Alive
User-Agent: PHP-SOAP/5.4.16, gzip
Accept-Encoding: gzip, deflate
Content-Encoding: gzip
Content-Type: text/xml; charset=utf-8
SOAPAction: ""
Content-Length: 458

<?xml version="1.0" encoding="UTF-8"?>
<SOAP-ENV:Envelope xmlns:SOAP-ENV="http://schemas.xmlsoap.org/soap/envelope/" xmlns:ns1="https://adwords.google.com/api/adwords/cm/v201306" xmlns:ns2="https://adwords.google.com/api/adwords/mcm/v201306">
  <SOAP-ENV:Header>
    <ns2:RequestHeader>
      <ns1:clientCustomerId>268-199-3457</ns1:clientCustomerId>
      <ns1:developerToken>Y9U2OOaJOitoCK3UNPs0ow</ns1:developerToken>
      <ns1:userAgent>TestAgent Co.,Ltd. (AwApi-PHP/4.5.1, Common-PHP/5.0.0, PHP/5.4.16)</ns1:userAgent>
    </ns2:RequestHeader>
  </SOAP-ENV:Header>
  <SOAP-ENV:Body>
    <ns2:mutate>
      <ns2:operations>
        <ns1:operator>ADD</ns1:operator>
        <ns2:operand>
          <ns2:name>Account #5236b2e1b643c</ns2:name>
          <ns2:currencyCode>CNY</ns2:currencyCode>
          <ns2:dateTimeZone>Asia/Shanghai</ns2:dateTimeZone>
        </ns2:operand>
      </ns2:operations>
    </ns2:mutate>
  </SOAP-ENV:Body>
</SOAP-ENV:Envelope>

HTTP/1.1 500 Internal Server Error
Content-Type: text/xml; charset=UTF-8
Content-Encoding: gzip
Date: Mon, 16 Sep 2013 07:27:32 GMT
Expires: Mon, 16 Sep 2013 07:27:32 GMT
Cache-Control: private, max-age=0
X-Content-Type-Options: nosniff
X-Frame-Options: SAMEORIGIN
X-XSS-Protection: 1; mode=block
Content-Length: 547
Server: GSE

<?xml version="1.0"?>
<soap:Envelope xmlns:soap="http://schemas.xmlsoap.org/soap/envelope/">
  <soap:Header>
    <ResponseHeader xmlns:ns2="https://adwords.google.com/api/adwords/cm/v201306" xmlns="https://adwords.google.com/api/adwords/mcm/v201306">
      <ns2:requestId>0004e67b233294f00aa51d0800006239</ns2:requestId>
      <ns2:serviceName>ManagedCustomerService</ns2:serviceName>
      <ns2:methodName>mutate</ns2:methodName>
      <ns2:operations>0</ns2:operations>
      <ns2:responseTime>152</ns2:responseTime>
    </ResponseHeader>
  </soap:Header>
  <soap:Body>
    <soap:Fault>
      <faultcode>soap:Server</faultcode>
      <faultstring>[AuthorizationError.USER_PERMISSION_DENIED @ ; trigger:'&lt;null&gt;']</faultstring>
      <detail>
        <ApiExceptionFault xmlns="https://adwords.google.com/api/adwords/mcm/v201306" xmlns:ns2="https://adwords.google.com/api/adwords/cm/v201306">
          <ns2:message>[AuthorizationError.USER_PERMISSION_DENIED @ ; trigger:'&lt;null&gt;']</ns2:message>
          <ns2:ApplicationException.Type>ApiException</ns2:ApplicationException.Type>
          <ns2:errors xmlns:xsi="http://www.w3.org/2001/XMLSchema-instance" xsi:type="ns2:AuthorizationError">
            <ns2:fieldPath/>
            <ns2:trigger>&lt;null&gt;</ns2:trigger>
            <ns2:errorString>AuthorizationError.USER_PERMISSION_DENIED</ns2:errorString>
            <ns2:ApiError.Type>AuthorizationError</ns2:ApiError.Type>
            <ns2:reason>USER_PERMISSION_DENIED</ns2:reason>
          </ns2:errors>
        </ApiExceptionFault>
      </detail>
    </soap:Fault>
  </soap:Body>
</soap:Envelope>

[Sep 16 2013 15:31:26.000000 - ERROR] POST /api/adwords/mcm/v201306/ManagedCustomerService?access_token=ya29.AHES6ZQRw5IpgW_oe74y3gaGvS7oflqbWnbUPcE8FQ8aiF8 HTTP/1.1
Host: adwords.google.com
Connection: Keep-Alive
User-Agent: PHP-SOAP/5.4.16, gzip
Accept-Encoding: gzip, deflate
Content-Encoding: gzip
Content-Type: text/xml; charset=utf-8
SOAPAction: ""
Content-Length: 429

<?xml version="1.0" encoding="UTF-8"?>
<SOAP-ENV:Envelope xmlns:SOAP-ENV="http://schemas.xmlsoap.org/soap/envelope/" xmlns:ns1="https://adwords.google.com/api/adwords/cm/v201306" xmlns:ns2="https://adwords.google.com/api/adwords/mcm/v201306">
  <SOAP-ENV:Header>
    <ns2:RequestHeader>
      <ns1:developerToken>c6cnIFQ6BOI7SKjA0PCUvw</ns1:developerToken>
      <ns1:userAgent>TestAgent Co.,Ltd. (AwApi-PHP/4.5.1, Common-PHP/5.0.0, PHP/5.4.16)</ns1:userAgent>
    </ns2:RequestHeader>
  </SOAP-ENV:Header>
  <SOAP-ENV:Body>
    <ns2:mutate>
      <ns2:operations>
        <ns1:operator>ADD</ns1:operator>
        <ns2:operand>
          <ns2:name>Account #5236b3cb33bbc</ns2:name>
          <ns2:currencyCode>CNY</ns2:currencyCode>
          <ns2:dateTimeZone>Asia/Shanghai</ns2:dateTimeZone>
        </ns2:operand>
      </ns2:operations>
    </ns2:mutate>
  </SOAP-ENV:Body>
</SOAP-ENV:Envelope>

HTTP/1.1 500 Internal Server Error
Content-Type: text/xml; charset=UTF-8
Content-Encoding: gzip
Date: Mon, 16 Sep 2013 07:31:26 GMT
Expires: Mon, 16 Sep 2013 07:31:26 GMT
Cache-Control: private, max-age=0
X-Content-Type-Options: nosniff
X-Frame-Options: SAMEORIGIN
X-XSS-Protection: 1; mode=block
Content-Length: 541
Server: GSE

<?xml version="1.0"?>
<soap:Envelope xmlns:soap="http://schemas.xmlsoap.org/soap/envelope/">
  <soap:Header>
    <ResponseHeader xmlns:ns2="https://adwords.google.com/api/adwords/cm/v201306" xmlns="https://adwords.google.com/api/adwords/mcm/v201306">
      <ns2:requestId>0004e67b3121d7b00aa51d0800006239</ns2:requestId>
      <ns2:serviceName>ManagedCustomerService</ns2:serviceName>
      <ns2:methodName>mutate</ns2:methodName>
      <ns2:operations>0</ns2:operations>
      <ns2:responseTime>169</ns2:responseTime>
    </ResponseHeader>
  </soap:Header>
  <soap:Body>
    <soap:Fault>
      <faultcode>soap:Server</faultcode>
      <faultstring>[QuotaCheckError.INCOMPLETE_SIGNUP @ ; trigger:'&lt;null&gt;']</faultstring>
      <detail>
        <ApiExceptionFault xmlns="https://adwords.google.com/api/adwords/mcm/v201306" xmlns:ns2="https://adwords.google.com/api/adwords/cm/v201306">
          <ns2:message>[QuotaCheckError.INCOMPLETE_SIGNUP @ ; trigger:'&lt;null&gt;']</ns2:message>
          <ns2:ApplicationException.Type>ApiException</ns2:ApplicationException.Type>
          <ns2:errors xmlns:xsi="http://www.w3.org/2001/XMLSchema-instance" xsi:type="ns2:QuotaCheckError">
            <ns2:fieldPath/>
            <ns2:trigger>&lt;null&gt;</ns2:trigger>
            <ns2:errorString>QuotaCheckError.INCOMPLETE_SIGNUP</ns2:errorString>
            <ns2:ApiError.Type>QuotaCheckError</ns2:ApiError.Type>
            <ns2:reason>INCOMPLETE_SIGNUP</ns2:reason>
          </ns2:errors>
        </ApiExceptionFault>
      </detail>
    </soap:Fault>
  </soap:Body>
</soap:Envelope>

[Sep 16 2013 15:52:22.000000 - ERROR] POST /api/adwords/mcm/v201306/ManagedCustomerService?access_token=ya29.AHES6ZQQpbN6fWDpjfm8FNkPaPvKDtwmrCOGPzlEntI4Gn4 HTTP/1.1
Host: adwords.google.com
Connection: Keep-Alive
User-Agent: PHP-SOAP/5.4.16, gzip
Accept-Encoding: gzip, deflate
Content-Encoding: gzip
Content-Type: text/xml; charset=utf-8
SOAPAction: ""
Content-Length: 431

<?xml version="1.0" encoding="UTF-8"?>
<SOAP-ENV:Envelope xmlns:SOAP-ENV="http://schemas.xmlsoap.org/soap/envelope/" xmlns:ns1="https://adwords.google.com/api/adwords/cm/v201306" xmlns:ns2="https://adwords.google.com/api/adwords/mcm/v201306">
  <SOAP-ENV:Header>
    <ns2:RequestHeader>
      <ns1:developerToken>ABcdeFGH93KL-NOPQ_STUv</ns1:developerToken>
      <ns1:userAgent>TestAgent Co.,Ltd. (AwApi-PHP/4.5.1, Common-PHP/5.0.0, PHP/5.4.16)</ns1:userAgent>
    </ns2:RequestHeader>
  </SOAP-ENV:Header>
  <SOAP-ENV:Body>
    <ns2:mutate>
      <ns2:operations>
        <ns1:operator>ADD</ns1:operator>
        <ns2:operand>
          <ns2:name>Account #5236b8b370ac8</ns2:name>
          <ns2:currencyCode>CNY</ns2:currencyCode>
          <ns2:dateTimeZone>Asia/Shanghai</ns2:dateTimeZone>
        </ns2:operand>
      </ns2:operations>
    </ns2:mutate>
  </SOAP-ENV:Body>
</SOAP-ENV:Envelope>

HTTP/1.1 500 Internal Server Error
Content-Type: text/xml; charset=UTF-8
Content-Encoding: gzip
Date: Mon, 16 Sep 2013 07:52:22 GMT
Expires: Mon, 16 Sep 2013 07:52:22 GMT
Cache-Control: private, max-age=0
X-Content-Type-Options: nosniff
X-Frame-Options: SAMEORIGIN
X-XSS-Protection: 1; mode=block
Content-Length: 556
Server: GSE

<?xml version="1.0"?>
<soap:Envelope xmlns:soap="http://schemas.xmlsoap.org/soap/envelope/">
  <soap:Header>
    <ResponseHeader xmlns:ns2="https://adwords.google.com/api/adwords/cm/v201306" xmlns="https://adwords.google.com/api/adwords/mcm/v201306">
      <ns2:requestId>0004e67b7bfe31e80aa4e60300004039</ns2:requestId>
      <ns2:serviceName>ManagedCustomerService</ns2:serviceName>
      <ns2:methodName>mutate</ns2:methodName>
      <ns2:operations>0</ns2:operations>
      <ns2:responseTime>146</ns2:responseTime>
    </ResponseHeader>
  </soap:Header>
  <soap:Body>
    <soap:Fault>
      <faultcode>soap:Server</faultcode>
      <faultstring>[QuotaCheckError.INVALID_TOKEN_HEADER @ ; trigger:'ABcdeFGH93KL-NOPQ_STUv']</faultstring>
      <detail>
        <ApiExceptionFault xmlns="https://adwords.google.com/api/adwords/mcm/v201306" xmlns:ns2="https://adwords.google.com/api/adwords/cm/v201306">
          <ns2:message>[QuotaCheckError.INVALID_TOKEN_HEADER @ ; trigger:'ABcdeFGH93KL-NOPQ_STUv']</ns2:message>
          <ns2:ApplicationException.Type>ApiException</ns2:ApplicationException.Type>
          <ns2:errors xmlns:xsi="http://www.w3.org/2001/XMLSchema-instance" xsi:type="ns2:QuotaCheckError">
            <ns2:fieldPath/>
            <ns2:trigger>ABcdeFGH93KL-NOPQ_STUv</ns2:trigger>
            <ns2:errorString>QuotaCheckError.INVALID_TOKEN_HEADER</ns2:errorString>
            <ns2:ApiError.Type>QuotaCheckError</ns2:ApiError.Type>
            <ns2:reason>INVALID_TOKEN_HEADER</ns2:reason>
          </ns2:errors>
        </ApiExceptionFault>
      </detail>
    </soap:Fault>
  </soap:Body>
</soap:Envelope>

[Sep 16 2013 15:53:53.000000 - ERROR] POST /api/adwords/mcm/v201306/ManagedCustomerService?access_token=ya29.AHES6ZSGVxdNW736i2_ncBOnf7MxBxHAFsO7L1J4XeUoHNE HTTP/1.1
Host: adwords.google.com
Connection: Keep-Alive
User-Agent: PHP-SOAP/5.4.16, gzip
Accept-Encoding: gzip, deflate
Content-Encoding: gzip
Content-Type: text/xml; charset=utf-8
SOAPAction: ""
Content-Length: 428

<?xml version="1.0" encoding="UTF-8"?>
<SOAP-ENV:Envelope xmlns:SOAP-ENV="http://schemas.xmlsoap.org/soap/envelope/" xmlns:ns1="https://adwords.google.com/api/adwords/cm/v201306" xmlns:ns2="https://adwords.google.com/api/adwords/mcm/v201306">
  <SOAP-ENV:Header>
    <ns2:RequestHeader>
      <ns1:developerToken>c6cnIFQ6BOI7SKjA0PCUvw</ns1:developerToken>
      <ns1:userAgent>IZP Co.,Ltd. (AwApi-PHP/4.5.1, Common-PHP/5.0.0, PHP/5.4.16)</ns1:userAgent>
    </ns2:RequestHeader>
  </SOAP-ENV:Header>
  <SOAP-ENV:Body>
    <ns2:mutate>
      <ns2:operations>
        <ns1:operator>ADD</ns1:operator>
        <ns2:operand>
          <ns2:name>Account #5236b90d633ea</ns2:name>
          <ns2:currencyCode>CNY</ns2:currencyCode>
          <ns2:dateTimeZone>Asia/Shanghai</ns2:dateTimeZone>
        </ns2:operand>
      </ns2:operations>
    </ns2:mutate>
  </SOAP-ENV:Body>
</SOAP-ENV:Envelope>

HTTP/1.1 500 Internal Server Error
Content-Type: text/xml; charset=UTF-8
Content-Encoding: gzip
Date: Mon, 16 Sep 2013 07:53:53 GMT
Expires: Mon, 16 Sep 2013 07:53:53 GMT
Cache-Control: private, max-age=0
X-Content-Type-Options: nosniff
X-Frame-Options: SAMEORIGIN
X-XSS-Protection: 1; mode=block
Content-Length: 542
Server: GSE

<?xml version="1.0"?>
<soap:Envelope xmlns:soap="http://schemas.xmlsoap.org/soap/envelope/">
  <soap:Header>
    <ResponseHeader xmlns:ns2="https://adwords.google.com/api/adwords/cm/v201306" xmlns="https://adwords.google.com/api/adwords/mcm/v201306">
      <ns2:requestId>0004e67b816bef580aa51d0800006239</ns2:requestId>
      <ns2:serviceName>ManagedCustomerService</ns2:serviceName>
      <ns2:methodName>mutate</ns2:methodName>
      <ns2:operations>0</ns2:operations>
      <ns2:responseTime>188</ns2:responseTime>
    </ResponseHeader>
  </soap:Header>
  <soap:Body>
    <soap:Fault>
      <faultcode>soap:Server</faultcode>
      <faultstring>[QuotaCheckError.INCOMPLETE_SIGNUP @ ; trigger:'&lt;null&gt;']</faultstring>
      <detail>
        <ApiExceptionFault xmlns="https://adwords.google.com/api/adwords/mcm/v201306" xmlns:ns2="https://adwords.google.com/api/adwords/cm/v201306">
          <ns2:message>[QuotaCheckError.INCOMPLETE_SIGNUP @ ; trigger:'&lt;null&gt;']</ns2:message>
          <ns2:ApplicationException.Type>ApiException</ns2:ApplicationException.Type>
          <ns2:errors xmlns:xsi="http://www.w3.org/2001/XMLSchema-instance" xsi:type="ns2:QuotaCheckError">
            <ns2:fieldPath/>
            <ns2:trigger>&lt;null&gt;</ns2:trigger>
            <ns2:errorString>QuotaCheckError.INCOMPLETE_SIGNUP</ns2:errorString>
            <ns2:ApiError.Type>QuotaCheckError</ns2:ApiError.Type>
            <ns2:reason>INCOMPLETE_SIGNUP</ns2:reason>
          </ns2:errors>
        </ApiExceptionFault>
      </detail>
    </soap:Fault>
  </soap:Body>
</soap:Envelope>

[Sep 16 2013 15:57:15.000000 - ERROR] POST /api/adwords/mcm/v201306/ManagedCustomerService?access_token=ya29.AHES6ZSLMdULr5aX3TYMIEnFzopjgoKo4wMU3afmC6djTcU HTTP/1.1
Host: adwords.google.com
Connection: Keep-Alive
User-Agent: PHP-SOAP/5.4.16, gzip
Accept-Encoding: gzip, deflate
Content-Encoding: gzip
Content-Type: text/xml; charset=utf-8
SOAPAction: ""
Content-Length: 427

<?xml version="1.0" encoding="UTF-8"?>
<SOAP-ENV:Envelope xmlns:SOAP-ENV="http://schemas.xmlsoap.org/soap/envelope/" xmlns:ns1="https://adwords.google.com/api/adwords/cm/v201306" xmlns:ns2="https://adwords.google.com/api/adwords/mcm/v201306">
  <SOAP-ENV:Header>
    <ns2:RequestHeader>
      <ns1:developerToken>c6cnIFQ6BOI7SKjA0PCUvw</ns1:developerToken>
      <ns1:userAgent>IZP Co.,Ltd. (AwApi-PHP/4.5.1, Common-PHP/5.0.0, PHP/5.4.16)</ns1:userAgent>
    </ns2:RequestHeader>
  </SOAP-ENV:Header>
  <SOAP-ENV:Body>
    <ns2:mutate>
      <ns2:operations>
        <ns1:operator>ADD</ns1:operator>
        <ns2:operand>
          <ns2:name>Account #5236b9d7c449c</ns2:name>
          <ns2:currencyCode>CNY</ns2:currencyCode>
          <ns2:dateTimeZone>Asia/Shanghai</ns2:dateTimeZone>
        </ns2:operand>
      </ns2:operations>
    </ns2:mutate>
  </SOAP-ENV:Body>
</SOAP-ENV:Envelope>

HTTP/1.1 500 Internal Server Error
Content-Type: text/xml; charset=UTF-8
Content-Encoding: gzip
Date: Mon, 16 Sep 2013 07:57:14 GMT
Expires: Mon, 16 Sep 2013 07:57:14 GMT
Cache-Control: private, max-age=0
X-Content-Type-Options: nosniff
X-Frame-Options: SAMEORIGIN
X-XSS-Protection: 1; mode=block
Content-Length: 542
Server: GSE

<?xml version="1.0"?>
<soap:Envelope xmlns:soap="http://schemas.xmlsoap.org/soap/envelope/">
  <soap:Header>
    <ResponseHeader xmlns:ns2="https://adwords.google.com/api/adwords/cm/v201306" xmlns="https://adwords.google.com/api/adwords/mcm/v201306">
      <ns2:requestId>0004e67b8d6a7dd80aa51d0800006239</ns2:requestId>
      <ns2:serviceName>ManagedCustomerService</ns2:serviceName>
      <ns2:methodName>mutate</ns2:methodName>
      <ns2:operations>0</ns2:operations>
      <ns2:responseTime>185</ns2:responseTime>
    </ResponseHeader>
  </soap:Header>
  <soap:Body>
    <soap:Fault>
      <faultcode>soap:Server</faultcode>
      <faultstring>[QuotaCheckError.INCOMPLETE_SIGNUP @ ; trigger:'&lt;null&gt;']</faultstring>
      <detail>
        <ApiExceptionFault xmlns="https://adwords.google.com/api/adwords/mcm/v201306" xmlns:ns2="https://adwords.google.com/api/adwords/cm/v201306">
          <ns2:message>[QuotaCheckError.INCOMPLETE_SIGNUP @ ; trigger:'&lt;null&gt;']</ns2:message>
          <ns2:ApplicationException.Type>ApiException</ns2:ApplicationException.Type>
          <ns2:errors xmlns:xsi="http://www.w3.org/2001/XMLSchema-instance" xsi:type="ns2:QuotaCheckError">
            <ns2:fieldPath/>
            <ns2:trigger>&lt;null&gt;</ns2:trigger>
            <ns2:errorString>QuotaCheckError.INCOMPLETE_SIGNUP</ns2:errorString>
            <ns2:ApiError.Type>QuotaCheckError</ns2:ApiError.Type>
            <ns2:reason>INCOMPLETE_SIGNUP</ns2:reason>
          </ns2:errors>
        </ApiExceptionFault>
      </detail>
    </soap:Fault>
  </soap:Body>
</soap:Envelope>

[Sep 16 2013 15:59:50.000000 - INFO] POST /api/adwords/mcm/v201306/ManagedCustomerService?access_token=ya29.AHES6ZTq1chW2DLXRqDwERqDnoAQiOn0yy3unOZGvsm-4ohwf4kYQg HTTP/1.1
Host: adwords.google.com
Connection: Keep-Alive
User-Agent: PHP-SOAP/5.4.16, gzip
Accept-Encoding: gzip, deflate
Content-Encoding: gzip
Content-Type: text/xml; charset=utf-8
SOAPAction: ""
Content-Length: 428

<?xml version="1.0" encoding="UTF-8"?>
<SOAP-ENV:Envelope xmlns:SOAP-ENV="http://schemas.xmlsoap.org/soap/envelope/" xmlns:ns1="https://adwords.google.com/api/adwords/cm/v201306" xmlns:ns2="https://adwords.google.com/api/adwords/mcm/v201306">
  <SOAP-ENV:Header>
    <ns2:RequestHeader>
      <ns1:developerToken>c6cnIFQ6BOI7SKjA0PCUvw</ns1:developerToken>
      <ns1:userAgent>IZP Co.,Ltd. (AwApi-PHP/4.5.1, Common-PHP/5.0.0, PHP/5.4.16)</ns1:userAgent>
    </ns2:RequestHeader>
  </SOAP-ENV:Header>
  <SOAP-ENV:Body>
    <ns2:mutate>
      <ns2:operations>
        <ns1:operator>ADD</ns1:operator>
        <ns2:operand>
          <ns2:name>Account #5236ba71d90a4</ns2:name>
          <ns2:currencyCode>CNY</ns2:currencyCode>
          <ns2:dateTimeZone>Asia/Shanghai</ns2:dateTimeZone>
        </ns2:operand>
      </ns2:operations>
    </ns2:mutate>
  </SOAP-ENV:Body>
</SOAP-ENV:Envelope>

HTTP/1.1 200 OK
Content-Type: text/xml; charset=UTF-8
Content-Encoding: gzip
Date: Mon, 16 Sep 2013 07:59:49 GMT
Expires: Mon, 16 Sep 2013 07:59:49 GMT
Cache-Control: private, max-age=0
X-Content-Type-Options: nosniff
X-Frame-Options: SAMEORIGIN
X-XSS-Protection: 1; mode=block
Content-Length: 412
Server: GSE

<?xml version="1.0"?>
<soap:Envelope xmlns:soap="http://schemas.xmlsoap.org/soap/envelope/">
  <soap:Header>
    <ResponseHeader xmlns:ns2="https://adwords.google.com/api/adwords/cm/v201306" xmlns="https://adwords.google.com/api/adwords/mcm/v201306">
      <ns2:requestId>0004e67b9697fe800aa51d0800006239</ns2:requestId>
      <ns2:serviceName>ManagedCustomerService</ns2:serviceName>
      <ns2:methodName>mutate</ns2:methodName>
      <ns2:operations>0</ns2:operations>
      <ns2:responseTime>1128</ns2:responseTime>
    </ResponseHeader>
  </soap:Header>
  <soap:Body>
    <mutateResponse xmlns="https://adwords.google.com/api/adwords/mcm/v201306" xmlns:ns2="https://adwords.google.com/api/adwords/cm/v201306">
      <rval>
        <value>
          <name>Account #5236ba71d90a4</name>
          <login/>
          <customerId>9847795981</customerId>
          <canManageClients>false</canManageClients>
          <currencyCode>CNY</currencyCode>
          <dateTimeZone>Asia/Shanghai</dateTimeZone>
        </value>
      </rval>
    </mutateResponse>
  </soap:Body>
</soap:Envelope>

[Sep 16 2013 16:02:37.000000 - INFO] POST /api/adwords/mcm/v201306/AlertService?access_token=ya29.AHES6ZRdOlu8qVtQ5BAeIkdFp23SnBh8yGWDjw51fMPVqZ2FRVHrng HTTP/1.1
Host: adwords.google.com
Connection: Keep-Alive
User-Agent: PHP-SOAP/5.4.16, gzip
Accept-Encoding: gzip, deflate
Content-Encoding: gzip
Content-Type: text/xml; charset=utf-8
SOAPAction: ""
Content-Length: 657

<?xml version="1.0" encoding="UTF-8"?>
<SOAP-ENV:Envelope xmlns:SOAP-ENV="http://schemas.xmlsoap.org/soap/envelope/" xmlns:ns1="https://adwords.google.com/api/adwords/mcm/v201306" xmlns:ns2="https://adwords.google.com/api/adwords/cm/v201306">
  <SOAP-ENV:Header>
    <ns1:RequestHeader>
      <ns2:developerToken>c6cnIFQ6BOI7SKjA0PCUvw</ns2:developerToken>
      <ns2:userAgent>IZP Co.,Ltd. (AwApi-PHP/4.5.1, Common-PHP/5.0.0, PHP/5.4.16)</ns2:userAgent>
    </ns1:RequestHeader>
  </SOAP-ENV:Header>
  <SOAP-ENV:Body>
    <ns1:get>
      <ns1:selector>
        <ns1:query>
          <ns1:clientSpec>ALL</ns1:clientSpec>
          <ns1:filterSpec>ALL</ns1:filterSpec>
          <ns1:types>ACCOUNT_BUDGET_BURN_RATE</ns1:types>
          <ns1:types>ACCOUNT_BUDGET_ENDING</ns1:types>
          <ns1:types>ACCOUNT_ON_TARGET</ns1:types>
          <ns1:types>CAMPAIGN_ENDED</ns1:types>
          <ns1:types>CAMPAIGN_ENDING</ns1:types>
          <ns1:types>CREDIT_CARD_EXPIRING</ns1:types>
          <ns1:types>DECLINED_PAYMENT</ns1:types>
          <ns1:types>MANAGER_LINK_PENDING</ns1:types>
          <ns1:types>MISSING_BANK_REFERENCE_NUMBER</ns1:types>
          <ns1:types>PAYMENT_NOT_ENTERED</ns1:types>
          <ns1:types>TV_ACCOUNT_BUDGET_ENDING</ns1:types>
          <ns1:types>TV_ACCOUNT_ON_TARGET</ns1:types>
          <ns1:types>TV_ZERO_DAILY_SPENDING_LIMIT</ns1:types>
          <ns1:types>USER_INVITE_ACCEPTED</ns1:types>
          <ns1:types>USER_INVITE_PENDING</ns1:types>
          <ns1:types>ZERO_DAILY_SPENDING_LIMIT</ns1:types>
          <ns1:severities>GREEN</ns1:severities>
          <ns1:severities>YELLOW</ns1:severities>
          <ns1:severities>RED</ns1:severities>
          <ns1:triggerTimeSpec>ALL_TIME</ns1:triggerTimeSpec>
        </ns1:query>
        <ns1:paging>
          <ns2:startIndex>0</ns2:startIndex>
          <ns2:numberResults>500</ns2:numberResults>
        </ns1:paging>
      </ns1:selector>
    </ns1:get>
  </SOAP-ENV:Body>
</SOAP-ENV:Envelope>

HTTP/1.1 200 OK
Content-Type: text/xml; charset=UTF-8
Content-Encoding: gzip
Date: Mon, 16 Sep 2013 08:02:37 GMT
Expires: Mon, 16 Sep 2013 08:02:37 GMT
Cache-Control: private, max-age=0
X-Content-Type-Options: nosniff
X-Frame-Options: SAMEORIGIN
X-XSS-Protection: 1; mode=block
Content-Length: 321
Server: GSE

<?xml version="1.0"?>
<soap:Envelope xmlns:soap="http://schemas.xmlsoap.org/soap/envelope/">
  <soap:Header>
    <ResponseHeader xmlns:ns2="https://adwords.google.com/api/adwords/cm/v201306" xmlns="https://adwords.google.com/api/adwords/mcm/v201306">
      <ns2:requestId>0004e67ba09d6c800aa4c641000026d4</ns2:requestId>
      <ns2:serviceName>AlertService</ns2:serviceName>
      <ns2:methodName>get</ns2:methodName>
      <ns2:operations>1</ns2:operations>
      <ns2:responseTime>233</ns2:responseTime>
    </ResponseHeader>
  </soap:Header>
  <soap:Body>
    <getResponse xmlns="https://adwords.google.com/api/adwords/mcm/v201306" xmlns:ns2="https://adwords.google.com/api/adwords/cm/v201306">
      <rval>
        <ns2:totalNumEntries>0</ns2:totalNumEntries>
        <ns2:Page.Type>AlertPage</ns2:Page.Type>
      </rval>
    </getResponse>
  </soap:Body>
</soap:Envelope>

[Sep 16 2013 16:05:36.000000 - INFO] POST /api/adwords/mcm/v201306/ManagedCustomerService?access_token=ya29.AHES6ZTtFQcO1ZI7BhPwXsJOmAakQeDiHeVdlPlYUZbd8eopk3iU7Q HTTP/1.1
Host: adwords.google.com
Connection: Keep-Alive
User-Agent: PHP-SOAP/5.4.16, gzip
Accept-Encoding: gzip, deflate
Content-Encoding: gzip
Content-Type: text/xml; charset=utf-8
SOAPAction: ""
Content-Length: 428

<?xml version="1.0" encoding="UTF-8"?>
<SOAP-ENV:Envelope xmlns:SOAP-ENV="http://schemas.xmlsoap.org/soap/envelope/" xmlns:ns1="https://adwords.google.com/api/adwords/cm/v201306" xmlns:ns2="https://adwords.google.com/api/adwords/mcm/v201306">
  <SOAP-ENV:Header>
    <ns2:RequestHeader>
      <ns1:developerToken>c6cnIFQ6BOI7SKjA0PCUvw</ns1:developerToken>
      <ns1:userAgent>IZP Co.,Ltd. (AwApi-PHP/4.5.1, Common-PHP/5.0.0, PHP/5.4.16)</ns1:userAgent>
    </ns2:RequestHeader>
  </SOAP-ENV:Header>
  <SOAP-ENV:Body>
    <ns2:mutate>
      <ns2:operations>
        <ns1:operator>ADD</ns1:operator>
        <ns2:operand>
          <ns2:name>Account #5236bbcc9cbcc</ns2:name>
          <ns2:currencyCode>CNY</ns2:currencyCode>
          <ns2:dateTimeZone>Asia/Shanghai</ns2:dateTimeZone>
        </ns2:operand>
      </ns2:operations>
    </ns2:mutate>
  </SOAP-ENV:Body>
</SOAP-ENV:Envelope>

HTTP/1.1 200 OK
Content-Type: text/xml; charset=UTF-8
Content-Encoding: gzip
Date: Mon, 16 Sep 2013 08:05:36 GMT
Expires: Mon, 16 Sep 2013 08:05:36 GMT
Cache-Control: private, max-age=0
X-Content-Type-Options: nosniff
X-Frame-Options: SAMEORIGIN
X-XSS-Protection: 1; mode=block
Content-Length: 410
Server: GSE

<?xml version="1.0"?>
<soap:Envelope xmlns:soap="http://schemas.xmlsoap.org/soap/envelope/">
  <soap:Header>
    <ResponseHeader xmlns:ns2="https://adwords.google.com/api/adwords/cm/v201306" xmlns="https://adwords.google.com/api/adwords/mcm/v201306">
      <ns2:requestId>0004e67bab434cb80aa4c641000026d4</ns2:requestId>
      <ns2:serviceName>ManagedCustomerService</ns2:serviceName>
      <ns2:methodName>mutate</ns2:methodName>
      <ns2:operations>0</ns2:operations>
      <ns2:responseTime>1022</ns2:responseTime>
    </ResponseHeader>
  </soap:Header>
  <soap:Body>
    <mutateResponse xmlns="https://adwords.google.com/api/adwords/mcm/v201306" xmlns:ns2="https://adwords.google.com/api/adwords/cm/v201306">
      <rval>
        <value>
          <name>Account #5236bbcc9cbcc</name>
          <login/>
          <customerId>1817131432</customerId>
          <canManageClients>false</canManageClients>
          <currencyCode>CNY</currencyCode>
          <dateTimeZone>Asia/Shanghai</dateTimeZone>
        </value>
      </rval>
    </mutateResponse>
  </soap:Body>
</soap:Envelope>

[Sep 17 2013 11:25:03.000000 - INFO] POST /api/adwords/mcm/v201306/ManagedCustomerService?access_token=ya29.AHES6ZR5RLUxEw_1cAwVkfPVXFpDuYgnZlHT33K7tYBl3O7938N3Aag HTTP/1.1
Host: adwords.google.com
Connection: Keep-Alive
User-Agent: PHP-SOAP/5.4.16, gzip
Accept-Encoding: gzip, deflate
Content-Encoding: gzip
Content-Type: text/xml; charset=utf-8
SOAPAction: ""
Content-Length: 428

<?xml version="1.0" encoding="UTF-8"?>
<SOAP-ENV:Envelope xmlns:SOAP-ENV="http://schemas.xmlsoap.org/soap/envelope/" xmlns:ns1="https://adwords.google.com/api/adwords/cm/v201306" xmlns:ns2="https://adwords.google.com/api/adwords/mcm/v201306">
  <SOAP-ENV:Header>
    <ns2:RequestHeader>
      <ns1:developerToken>c6cnIFQ6BOI7SKjA0PCUvw</ns1:developerToken>
      <ns1:userAgent>IZP Co.,Ltd. (AwApi-PHP/4.5.1, Common-PHP/5.0.0, PHP/5.4.16)</ns1:userAgent>
    </ns2:RequestHeader>
  </SOAP-ENV:Header>
  <SOAP-ENV:Body>
    <ns2:mutate>
      <ns2:operations>
        <ns1:operator>ADD</ns1:operator>
        <ns2:operand>
          <ns2:name>Account #5237cb8a8eca3</ns2:name>
          <ns2:currencyCode>CNY</ns2:currencyCode>
          <ns2:dateTimeZone>Asia/Shanghai</ns2:dateTimeZone>
        </ns2:operand>
      </ns2:operations>
    </ns2:mutate>
  </SOAP-ENV:Body>
</SOAP-ENV:Envelope>

HTTP/1.1 200 OK
Content-Type: text/xml; charset=UTF-8
Content-Encoding: gzip
Date: Tue, 17 Sep 2013 03:25:03 GMT
Expires: Tue, 17 Sep 2013 03:25:03 GMT
Cache-Control: private, max-age=0
X-Content-Type-Options: nosniff
X-Frame-Options: SAMEORIGIN
X-XSS-Protection: 1; mode=block
Content-Length: 410
Server: GSE

<?xml version="1.0"?>
<soap:Envelope xmlns:soap="http://schemas.xmlsoap.org/soap/envelope/">
  <soap:Header>
    <ResponseHeader xmlns:ns2="https://adwords.google.com/api/adwords/cm/v201306" xmlns="https://adwords.google.com/api/adwords/mcm/v201306">
      <ns2:requestId>0004e68bddc03b000aa4c641000026d4</ns2:requestId>
      <ns2:serviceName>ManagedCustomerService</ns2:serviceName>
      <ns2:methodName>mutate</ns2:methodName>
      <ns2:operations>0</ns2:operations>
      <ns2:responseTime>1564</ns2:responseTime>
    </ResponseHeader>
  </soap:Header>
  <soap:Body>
    <mutateResponse xmlns="https://adwords.google.com/api/adwords/mcm/v201306" xmlns:ns2="https://adwords.google.com/api/adwords/cm/v201306">
      <rval>
        <value>
          <name>Account #5237cb8a8eca3</name>
          <login/>
          <customerId>7156967857</customerId>
          <canManageClients>false</canManageClients>
          <currencyCode>CNY</currencyCode>
          <dateTimeZone>Asia/Shanghai</dateTimeZone>
        </value>
      </rval>
    </mutateResponse>
  </soap:Body>
</soap:Envelope>

[Sep 17 2013 11:27:29.000000 - INFO] POST /api/adwords/mcm/v201306/ManagedCustomerService?access_token=ya29.AHES6ZTbMNL1huNdEZQ71QyNqmioJmIxt_zTC8K57XqEdUW50tg8ihc HTTP/1.1
Host: adwords.google.com
Connection: Keep-Alive
User-Agent: PHP-SOAP/5.4.16, gzip
Accept-Encoding: gzip, deflate
Content-Encoding: gzip
Content-Type: text/xml; charset=utf-8
SOAPAction: ""
Content-Length: 426

<?xml version="1.0" encoding="UTF-8"?>
<SOAP-ENV:Envelope xmlns:SOAP-ENV="http://schemas.xmlsoap.org/soap/envelope/" xmlns:ns1="https://adwords.google.com/api/adwords/cm/v201306" xmlns:ns2="https://adwords.google.com/api/adwords/mcm/v201306">
  <SOAP-ENV:Header>
    <ns2:RequestHeader>
      <ns1:developerToken>c6cnIFQ6BOI7SKjA0PCUvw</ns1:developerToken>
      <ns1:userAgent>IZP Co.,Ltd. (AwApi-PHP/4.5.1, Common-PHP/5.0.0, PHP/5.4.16)</ns1:userAgent>
    </ns2:RequestHeader>
  </SOAP-ENV:Header>
  <SOAP-ENV:Body>
    <ns2:mutate>
      <ns2:operations>
        <ns1:operator>ADD</ns1:operator>
        <ns2:operand>
          <ns2:name>Account #5237cc1cadf1f</ns2:name>
          <ns2:currencyCode>CNY</ns2:currencyCode>
          <ns2:dateTimeZone>Asia/Shanghai</ns2:dateTimeZone>
        </ns2:operand>
      </ns2:operations>
    </ns2:mutate>
  </SOAP-ENV:Body>
</SOAP-ENV:Envelope>

HTTP/1.1 200 OK
Content-Type: text/xml; charset=UTF-8
Content-Encoding: gzip
Date: Tue, 17 Sep 2013 03:27:29 GMT
Expires: Tue, 17 Sep 2013 03:27:29 GMT
Cache-Control: private, max-age=0
X-Content-Type-Options: nosniff
X-Frame-Options: SAMEORIGIN
X-XSS-Protection: 1; mode=block
Content-Length: 410
Server: GSE

<?xml version="1.0"?>
<soap:Envelope xmlns:soap="http://schemas.xmlsoap.org/soap/envelope/">
  <soap:Header>
    <ResponseHeader xmlns:ns2="https://adwords.google.com/api/adwords/cm/v201306" xmlns="https://adwords.google.com/api/adwords/mcm/v201306">
      <ns2:requestId>0004e68be6790c900aa4c641000026d4</ns2:requestId>
      <ns2:serviceName>ManagedCustomerService</ns2:serviceName>
      <ns2:methodName>mutate</ns2:methodName>
      <ns2:operations>0</ns2:operations>
      <ns2:responseTime>1241</ns2:responseTime>
    </ResponseHeader>
  </soap:Header>
  <soap:Body>
    <mutateResponse xmlns="https://adwords.google.com/api/adwords/mcm/v201306" xmlns:ns2="https://adwords.google.com/api/adwords/cm/v201306">
      <rval>
        <value>
          <name>Account #5237cc1cadf1f</name>
          <login/>
          <customerId>5676138940</customerId>
          <canManageClients>false</canManageClients>
          <currencyCode>CNY</currencyCode>
          <dateTimeZone>Asia/Shanghai</dateTimeZone>
        </value>
      </rval>
    </mutateResponse>
  </soap:Body>
</soap:Envelope>

